/Users/Dan/.rbenv/versions/2.0.0-p451/lib/ruby/gems/2.0.0/gems/activerecord-4.0.4/lib/active_record/connection_adapters/sqlite3_adapter.rb:512:in `table_structure': Could not find table 'users' (ActiveRecord::StatementInvalid)
	from /Users/Dan/.rbenv/versions/2.0.0-p451/lib/ruby/gems/2.0.0/gems/activerecord-4.0.4/lib/active_record/connection_adapters/sqlite3_adapter.rb:399:in `columns'
	from /Users/Dan/.rbenv/versions/2.0.0-p451/lib/ruby/gems/2.0.0/gems/activerecord-4.0.4/lib/active_record/connection_adapters/schema_cache.rb:114:in `block in prepare_default_proc'
	from /Users/Dan/.rbenv/versions/2.0.0-p451/lib/ruby/gems/2.0.0/gems/activerecord-4.0.4/lib/active_record/connection_adapters/schema_cache.rb:56:in `yield'
	from /Users/Dan/.rbenv/versions/2.0.0-p451/lib/ruby/gems/2.0.0/gems/activerecord-4.0.4/lib/active_record/connection_adapters/schema_cache.rb:56:in `columns'
	from /Users/Dan/.rbenv/versions/2.0.0-p451/lib/ruby/gems/2.0.0/gems/activerecord-4.0.4/lib/active_record/model_schema.rb:208:in `columns'
	from /Users/Dan/.rbenv/versions/2.0.0-p451/lib/ruby/gems/2.0.0/gems/activerecord-4.0.4/lib/active_record/model_schema.rb:217:in `columns_hash'
	from /Users/Dan/.rbenv/versions/2.0.0-p451/lib/ruby/gems/2.0.0/gems/activerecord-4.0.4/lib/active_record/inheritance.rb:176:in `subclass_from_attributes?'
	from /Users/Dan/.rbenv/versions/2.0.0-p451/lib/ruby/gems/2.0.0/gems/activerecord-4.0.4/lib/active_record/inheritance.rb:23:in `new'
	from /Users/Dan/.rbenv/versions/2.0.0-p451/lib/ruby/gems/2.0.0/gems/activerecord-4.0.4/lib/active_record/persistence.rb:33:in `create'
	from /Users/Dan/.rbenv/versions/2.0.0-p451/lib/ruby/gems/2.0.0/gems/railties-4.0.4/lib/rails/commands/runner.rb:53:in `<top (required)>'
	from /Users/Dan/.rbenv/versions/2.0.0-p451/lib/ruby/gems/2.0.0/gems/railties-4.0.4/lib/rails/commands/runner.rb:53:in `eval'
	from /Users/Dan/.rbenv/versions/2.0.0-p451/lib/ruby/gems/2.0.0/gems/railties-4.0.4/lib/rails/commands/runner.rb:53:in `<top (required)>'
	from /Users/Dan/.rbenv/versions/2.0.0-p451/lib/ruby/gems/2.0.0/gems/railties-4.0.4/lib/rails/commands.rb:84:in `require'
	from /Users/Dan/.rbenv/versions/2.0.0-p451/lib/ruby/gems/2.0.0/gems/railties-4.0.4/lib/rails/commands.rb:84:in `<top (required)>'
	from bin/rails:4:in `require'
	from bin/rails:4:in `<main>'
/Users/Dan/.rbenv/versions/2.0.0-p451/lib/ruby/gems/2.0.0/gems/activerecord-4.0.4/lib/active_record/connection_adapters/sqlite3_adapter.rb:512:in `table_structure': Could not find table 'users' (ActiveRecord::StatementInvalid)
	from /Users/Dan/.rbenv/versions/2.0.0-p451/lib/ruby/gems/2.0.0/gems/activerecord-4.0.4/lib/active_record/connection_adapters/sqlite3_adapter.rb:399:in `columns'
	from /Users/Dan/.rbenv/versions/2.0.0-p451/lib/ruby/gems/2.0.0/gems/activerecord-4.0.4/lib/active_record/connection_adapters/schema_cache.rb:114:in `block in prepare_default_proc'
	from /Users/Dan/.rbenv/versions/2.0.0-p451/lib/ruby/gems/2.0.0/gems/activerecord-4.0.4/lib/active_record/connection_adapters/schema_cache.rb:56:in `yield'
	from /Users/Dan/.rbenv/versions/2.0.0-p451/lib/ruby/gems/2.0.0/gems/activerecord-4.0.4/lib/active_record/connection_adapters/schema_cache.rb:56:in `columns'
	from /Users/Dan/.rbenv/versions/2.0.0-p451/lib/ruby/gems/2.0.0/gems/activerecord-4.0.4/lib/active_record/model_schema.rb:208:in `columns'
	from /Users/Dan/.rbenv/versions/2.0.0-p451/lib/ruby/gems/2.0.0/gems/activerecord-4.0.4/lib/active_record/model_schema.rb:217:in `columns_hash'
	from /Users/Dan/.rbenv/versions/2.0.0-p451/lib/ruby/gems/2.0.0/gems/activerecord-4.0.4/lib/active_record/inheritance.rb:176:in `subclass_from_attributes?'
	from /Users/Dan/.rbenv/versions/2.0.0-p451/lib/ruby/gems/2.0.0/gems/activerecord-4.0.4/lib/active_record/inheritance.rb:23:in `new'
	from /Users/Dan/.rbenv/versions/2.0.0-p451/lib/ruby/gems/2.0.0/gems/activerecord-4.0.4/lib/active_record/persistence.rb:33:in `create'
	from /Users/Dan/.rbenv/versions/2.0.0-p451/lib/ruby/gems/2.0.0/gems/railties-4.0.4/lib/rails/commands/runner.rb:53:in `<top (required)>'
	from /Users/Dan/.rbenv/versions/2.0.0-p451/lib/ruby/gems/2.0.0/gems/railties-4.0.4/lib/rails/commands/runner.rb:53:in `eval'
	from /Users/Dan/.rbenv/versions/2.0.0-p451/lib/ruby/gems/2.0.0/gems/railties-4.0.4/lib/rails/commands/runner.rb:53:in `<top (required)>'
	from /Users/Dan/.rbenv/versions/2.0.0-p451/lib/ruby/gems/2.0.0/gems/railties-4.0.4/lib/rails/commands.rb:84:in `require'
	from /Users/Dan/.rbenv/versions/2.0.0-p451/lib/ruby/gems/2.0.0/gems/railties-4.0.4/lib/rails/commands.rb:84:in `<top (required)>'
	from bin/rails:4:in `require'
	from bin/rails:4:in `<main>'
/Users/Dan/.rbenv/versions/2.0.0-p451/lib/ruby/gems/2.0.0/gems/activerecord-4.0.4/lib/active_record/connection_adapters/sqlite3_adapter.rb:512:in `table_structure': Could not find table 'users' (ActiveRecord::StatementInvalid)
	from /Users/Dan/.rbenv/versions/2.0.0-p451/lib/ruby/gems/2.0.0/gems/activerecord-4.0.4/lib/active_record/connection_adapters/sqlite3_adapter.rb:399:in `columns'
	from /Users/Dan/.rbenv/versions/2.0.0-p451/lib/ruby/gems/2.0.0/gems/activerecord-4.0.4/lib/active_record/connection_adapters/schema_cache.rb:114:in `block in prepare_default_proc'
	from /Users/Dan/.rbenv/versions/2.0.0-p451/lib/ruby/gems/2.0.0/gems/activerecord-4.0.4/lib/active_record/connection_adapters/schema_cache.rb:56:in `yield'
	from /Users/Dan/.rbenv/versions/2.0.0-p451/lib/ruby/gems/2.0.0/gems/activerecord-4.0.4/lib/active_record/connection_adapters/schema_cache.rb:56:in `columns'
	from /Users/Dan/.rbenv/versions/2.0.0-p451/lib/ruby/gems/2.0.0/gems/activerecord-4.0.4/lib/active_record/model_schema.rb:208:in `columns'
	from /Users/Dan/.rbenv/versions/2.0.0-p451/lib/ruby/gems/2.0.0/gems/activerecord-4.0.4/lib/active_record/model_schema.rb:217:in `columns_hash'
	from /Users/Dan/.rbenv/versions/2.0.0-p451/lib/ruby/gems/2.0.0/gems/activerecord-4.0.4/lib/active_record/inheritance.rb:176:in `subclass_from_attributes?'
	from /Users/Dan/.rbenv/versions/2.0.0-p451/lib/ruby/gems/2.0.0/gems/activerecord-4.0.4/lib/active_record/inheritance.rb:23:in `new'
	from /Users/Dan/.rbenv/versions/2.0.0-p451/lib/ruby/gems/2.0.0/gems/activerecord-4.0.4/lib/active_record/persistence.rb:33:in `create'
	from /Users/Dan/.rbenv/versions/2.0.0-p451/lib/ruby/gems/2.0.0/gems/railties-4.0.4/lib/rails/commands/runner.rb:53:in `<top (required)>'
	from /Users/Dan/.rbenv/versions/2.0.0-p451/lib/ruby/gems/2.0.0/gems/railties-4.0.4/lib/rails/commands/runner.rb:53:in `eval'
	from /Users/Dan/.rbenv/versions/2.0.0-p451/lib/ruby/gems/2.0.0/gems/railties-4.0.4/lib/rails/commands/runner.rb:53:in `<top (required)>'
	from /Users/Dan/.rbenv/versions/2.0.0-p451/lib/ruby/gems/2.0.0/gems/railties-4.0.4/lib/rails/commands.rb:84:in `require'
	from /Users/Dan/.rbenv/versions/2.0.0-p451/lib/ruby/gems/2.0.0/gems/railties-4.0.4/lib/rails/commands.rb:84:in `<top (required)>'
	from bin/rails:4:in `require'
	from bin/rails:4:in `<main>'
/Users/Dan/.rbenv/versions/2.0.0-p451/lib/ruby/gems/2.0.0/gems/activerecord-4.0.4/lib/active_record/connection_adapters/sqlite3_adapter.rb:512:in `table_structure': Could not find table 'users' (ActiveRecord::StatementInvalid)
	from /Users/Dan/.rbenv/versions/2.0.0-p451/lib/ruby/gems/2.0.0/gems/activerecord-4.0.4/lib/active_record/connection_adapters/sqlite3_adapter.rb:399:in `columns'
	from /Users/Dan/.rbenv/versions/2.0.0-p451/lib/ruby/gems/2.0.0/gems/activerecord-4.0.4/lib/active_record/connection_adapters/schema_cache.rb:114:in `block in prepare_default_proc'
	from /Users/Dan/.rbenv/versions/2.0.0-p451/lib/ruby/gems/2.0.0/gems/activerecord-4.0.4/lib/active_record/connection_adapters/schema_cache.rb:56:in `yield'
	from /Users/Dan/.rbenv/versions/2.0.0-p451/lib/ruby/gems/2.0.0/gems/activerecord-4.0.4/lib/active_record/connection_adapters/schema_cache.rb:56:in `columns'
	from /Users/Dan/.rbenv/versions/2.0.0-p451/lib/ruby/gems/2.0.0/gems/activerecord-4.0.4/lib/active_record/model_schema.rb:208:in `columns'
	from /Users/Dan/.rbenv/versions/2.0.0-p451/lib/ruby/gems/2.0.0/gems/activerecord-4.0.4/lib/active_record/model_schema.rb:217:in `columns_hash'
	from /Users/Dan/.rbenv/versions/2.0.0-p451/lib/ruby/gems/2.0.0/gems/activerecord-4.0.4/lib/active_record/inheritance.rb:176:in `subclass_from_attributes?'
	from /Users/Dan/.rbenv/versions/2.0.0-p451/lib/ruby/gems/2.0.0/gems/activerecord-4.0.4/lib/active_record/inheritance.rb:23:in `new'
	from /Users/Dan/.rbenv/versions/2.0.0-p451/lib/ruby/gems/2.0.0/gems/activerecord-4.0.4/lib/active_record/persistence.rb:33:in `create'
	from /Users/Dan/.rbenv/versions/2.0.0-p451/lib/ruby/gems/2.0.0/gems/railties-4.0.4/lib/rails/commands/runner.rb:53:in `<top (required)>'
	from /Users/Dan/.rbenv/versions/2.0.0-p451/lib/ruby/gems/2.0.0/gems/railties-4.0.4/lib/rails/commands/runner.rb:53:in `eval'
	from /Users/Dan/.rbenv/versions/2.0.0-p451/lib/ruby/gems/2.0.0/gems/railties-4.0.4/lib/rails/commands/runner.rb:53:in `<top (required)>'
	from /Users/Dan/.rbenv/versions/2.0.0-p451/lib/ruby/gems/2.0.0/gems/railties-4.0.4/lib/rails/commands.rb:84:in `require'
	from /Users/Dan/.rbenv/versions/2.0.0-p451/lib/ruby/gems/2.0.0/gems/railties-4.0.4/lib/rails/commands.rb:84:in `<top (required)>'
	from bin/rails:4:in `require'
	from bin/rails:4:in `<main>'
/Users/Dan/.rbenv/versions/2.0.0-p451/lib/ruby/gems/2.0.0/gems/activerecord-4.0.4/lib/active_record/connection_adapters/sqlite3_adapter.rb:512:in `table_structure': Could not find table 'users' (ActiveRecord::StatementInvalid)
	from /Users/Dan/.rbenv/versions/2.0.0-p451/lib/ruby/gems/2.0.0/gems/activerecord-4.0.4/lib/active_record/connection_adapters/sqlite3_adapter.rb:399:in `columns'
	from /Users/Dan/.rbenv/versions/2.0.0-p451/lib/ruby/gems/2.0.0/gems/activerecord-4.0.4/lib/active_record/connection_adapters/schema_cache.rb:114:in `block in prepare_default_proc'
	from /Users/Dan/.rbenv/versions/2.0.0-p451/lib/ruby/gems/2.0.0/gems/activerecord-4.0.4/lib/active_record/connection_adapters/schema_cache.rb:56:in `yield'
	from /Users/Dan/.rbenv/versions/2.0.0-p451/lib/ruby/gems/2.0.0/gems/activerecord-4.0.4/lib/active_record/connection_adapters/schema_cache.rb:56:in `columns'
	from /Users/Dan/.rbenv/versions/2.0.0-p451/lib/ruby/gems/2.0.0/gems/activerecord-4.0.4/lib/active_record/model_schema.rb:208:in `columns'
	from /Users/Dan/.rbenv/versions/2.0.0-p451/lib/ruby/gems/2.0.0/gems/activerecord-4.0.4/lib/active_record/model_schema.rb:217:in `columns_hash'
	from /Users/Dan/.rbenv/versions/2.0.0-p451/lib/ruby/gems/2.0.0/gems/activerecord-4.0.4/lib/active_record/inheritance.rb:176:in `subclass_from_attributes?'
	from /Users/Dan/.rbenv/versions/2.0.0-p451/lib/ruby/gems/2.0.0/gems/activerecord-4.0.4/lib/active_record/inheritance.rb:23:in `new'
	from /Users/Dan/.rbenv/versions/2.0.0-p451/lib/ruby/gems/2.0.0/gems/activerecord-4.0.4/lib/active_record/persistence.rb:33:in `create'
	from /Users/Dan/.rbenv/versions/2.0.0-p451/lib/ruby/gems/2.0.0/gems/railties-4.0.4/lib/rails/commands/runner.rb:53:in `<top (required)>'
	from /Users/Dan/.rbenv/versions/2.0.0-p451/lib/ruby/gems/2.0.0/gems/railties-4.0.4/lib/rails/commands/runner.rb:53:in `eval'
	from /Users/Dan/.rbenv/versions/2.0.0-p451/lib/ruby/gems/2.0.0/gems/railties-4.0.4/lib/rails/commands/runner.rb:53:in `<top (required)>'
	from /Users/Dan/.rbenv/versions/2.0.0-p451/lib/ruby/gems/2.0.0/gems/railties-4.0.4/lib/rails/commands.rb:84:in `require'
	from /Users/Dan/.rbenv/versions/2.0.0-p451/lib/ruby/gems/2.0.0/gems/railties-4.0.4/lib/rails/commands.rb:84:in `<top (required)>'
	from bin/rails:4:in `require'
	from bin/rails:4:in `<main>'
/Users/Dan/.rbenv/versions/2.0.0-p451/lib/ruby/gems/2.0.0/gems/activerecord-4.0.4/lib/active_record/connection_adapters/sqlite3_adapter.rb:512:in `table_structure': Could not find table 'users' (ActiveRecord::StatementInvalid)
	from /Users/Dan/.rbenv/versions/2.0.0-p451/lib/ruby/gems/2.0.0/gems/activerecord-4.0.4/lib/active_record/connection_adapters/sqlite3_adapter.rb:399:in `columns'
	from /Users/Dan/.rbenv/versions/2.0.0-p451/lib/ruby/gems/2.0.0/gems/activerecord-4.0.4/lib/active_record/connection_adapters/schema_cache.rb:114:in `block in prepare_default_proc'
	from /Users/Dan/.rbenv/versions/2.0.0-p451/lib/ruby/gems/2.0.0/gems/activerecord-4.0.4/lib/active_record/connection_adapters/schema_cache.rb:56:in `yield'
	from /Users/Dan/.rbenv/versions/2.0.0-p451/lib/ruby/gems/2.0.0/gems/activerecord-4.0.4/lib/active_record/connection_adapters/schema_cache.rb:56:in `columns'
	from /Users/Dan/.rbenv/versions/2.0.0-p451/lib/ruby/gems/2.0.0/gems/activerecord-4.0.4/lib/active_record/model_schema.rb:208:in `columns'
	from /Users/Dan/.rbenv/versions/2.0.0-p451/lib/ruby/gems/2.0.0/gems/activerecord-4.0.4/lib/active_record/model_schema.rb:217:in `columns_hash'
	from /Users/Dan/.rbenv/versions/2.0.0-p451/lib/ruby/gems/2.0.0/gems/activerecord-4.0.4/lib/active_record/inheritance.rb:176:in `subclass_from_attributes?'
	from /Users/Dan/.rbenv/versions/2.0.0-p451/lib/ruby/gems/2.0.0/gems/activerecord-4.0.4/lib/active_record/inheritance.rb:23:in `new'
	from /Users/Dan/.rbenv/versions/2.0.0-p451/lib/ruby/gems/2.0.0/gems/activerecord-4.0.4/lib/active_record/persistence.rb:33:in `create'
	from /Users/Dan/.rbenv/versions/2.0.0-p451/lib/ruby/gems/2.0.0/gems/railties-4.0.4/lib/rails/commands/runner.rb:53:in `<top (required)>'
	from /Users/Dan/.rbenv/versions/2.0.0-p451/lib/ruby/gems/2.0.0/gems/railties-4.0.4/lib/rails/commands/runner.rb:53:in `eval'
	from /Users/Dan/.rbenv/versions/2.0.0-p451/lib/ruby/gems/2.0.0/gems/railties-4.0.4/lib/rails/commands/runner.rb:53:in `<top (required)>'
	from /Users/Dan/.rbenv/versions/2.0.0-p451/lib/ruby/gems/2.0.0/gems/railties-4.0.4/lib/rails/commands.rb:84:in `require'
	from /Users/Dan/.rbenv/versions/2.0.0-p451/lib/ruby/gems/2.0.0/gems/railties-4.0.4/lib/rails/commands.rb:84:in `<top (required)>'
	from bin/rails:4:in `require'
	from bin/rails:4:in `<main>'
/Users/Dan/.rbenv/versions/2.0.0-p451/lib/ruby/gems/2.0.0/gems/activerecord-4.0.4/lib/active_record/connection_adapters/sqlite3_adapter.rb:512:in `table_structure': Could not find table 'users' (ActiveRecord::StatementInvalid)
	from /Users/Dan/.rbenv/versions/2.0.0-p451/lib/ruby/gems/2.0.0/gems/activerecord-4.0.4/lib/active_record/connection_adapters/sqlite3_adapter.rb:399:in `columns'
	from /Users/Dan/.rbenv/versions/2.0.0-p451/lib/ruby/gems/2.0.0/gems/activerecord-4.0.4/lib/active_record/connection_adapters/schema_cache.rb:114:in `block in prepare_default_proc'
	from /Users/Dan/.rbenv/versions/2.0.0-p451/lib/ruby/gems/2.0.0/gems/activerecord-4.0.4/lib/active_record/connection_adapters/schema_cache.rb:56:in `yield'
	from /Users/Dan/.rbenv/versions/2.0.0-p451/lib/ruby/gems/2.0.0/gems/activerecord-4.0.4/lib/active_record/connection_adapters/schema_cache.rb:56:in `columns'
	from /Users/Dan/.rbenv/versions/2.0.0-p451/lib/ruby/gems/2.0.0/gems/activerecord-4.0.4/lib/active_record/model_schema.rb:208:in `columns'
	from /Users/Dan/.rbenv/versions/2.0.0-p451/lib/ruby/gems/2.0.0/gems/activerecord-4.0.4/lib/active_record/model_schema.rb:217:in `columns_hash'
	from /Users/Dan/.rbenv/versions/2.0.0-p451/lib/ruby/gems/2.0.0/gems/activerecord-4.0.4/lib/active_record/inheritance.rb:176:in `subclass_from_attributes?'
	from /Users/Dan/.rbenv/versions/2.0.0-p451/lib/ruby/gems/2.0.0/gems/activerecord-4.0.4/lib/active_record/inheritance.rb:23:in `new'
	from /Users/Dan/.rbenv/versions/2.0.0-p451/lib/ruby/gems/2.0.0/gems/activerecord-4.0.4/lib/active_record/persistence.rb:33:in `create'
	from /Users/Dan/.rbenv/versions/2.0.0-p451/lib/ruby/gems/2.0.0/gems/railties-4.0.4/lib/rails/commands/runner.rb:53:in `<top (required)>'
	from /Users/Dan/.rbenv/versions/2.0.0-p451/lib/ruby/gems/2.0.0/gems/railties-4.0.4/lib/rails/commands/runner.rb:53:in `eval'
	from /Users/Dan/.rbenv/versions/2.0.0-p451/lib/ruby/gems/2.0.0/gems/railties-4.0.4/lib/rails/commands/runner.rb:53:in `<top (required)>'
	from /Users/Dan/.rbenv/versions/2.0.0-p451/lib/ruby/gems/2.0.0/gems/railties-4.0.4/lib/rails/commands.rb:84:in `require'
	from /Users/Dan/.rbenv/versions/2.0.0-p451/lib/ruby/gems/2.0.0/gems/railties-4.0.4/lib/rails/commands.rb:84:in `<top (required)>'
	from bin/rails:4:in `require'
	from bin/rails:4:in `<main>'
/Users/Dan/.rbenv/versions/2.0.0-p451/lib/ruby/gems/2.0.0/gems/activerecord-4.0.4/lib/active_record/connection_adapters/sqlite3_adapter.rb:512:in `table_structure': Could not find table 'users' (ActiveRecord::StatementInvalid)
	from /Users/Dan/.rbenv/versions/2.0.0-p451/lib/ruby/gems/2.0.0/gems/activerecord-4.0.4/lib/active_record/connection_adapters/sqlite3_adapter.rb:399:in `columns'
	from /Users/Dan/.rbenv/versions/2.0.0-p451/lib/ruby/gems/2.0.0/gems/activerecord-4.0.4/lib/active_record/connection_adapters/schema_cache.rb:114:in `block in prepare_default_proc'
	from /Users/Dan/.rbenv/versions/2.0.0-p451/lib/ruby/gems/2.0.0/gems/activerecord-4.0.4/lib/active_record/connection_adapters/schema_cache.rb:56:in `yield'
	from /Users/Dan/.rbenv/versions/2.0.0-p451/lib/ruby/gems/2.0.0/gems/activerecord-4.0.4/lib/active_record/connection_adapters/schema_cache.rb:56:in `columns'
	from /Users/Dan/.rbenv/versions/2.0.0-p451/lib/ruby/gems/2.0.0/gems/activerecord-4.0.4/lib/active_record/model_schema.rb:208:in `columns'
	from /Users/Dan/.rbenv/versions/2.0.0-p451/lib/ruby/gems/2.0.0/gems/activerecord-4.0.4/lib/active_record/model_schema.rb:217:in `columns_hash'
	from /Users/Dan/.rbenv/versions/2.0.0-p451/lib/ruby/gems/2.0.0/gems/activerecord-4.0.4/lib/active_record/inheritance.rb:176:in `subclass_from_attributes?'
	from /Users/Dan/.rbenv/versions/2.0.0-p451/lib/ruby/gems/2.0.0/gems/activerecord-4.0.4/lib/active_record/inheritance.rb:23:in `new'
	from /Users/Dan/.rbenv/versions/2.0.0-p451/lib/ruby/gems/2.0.0/gems/activerecord-4.0.4/lib/active_record/persistence.rb:33:in `create'
	from /Users/Dan/.rbenv/versions/2.0.0-p451/lib/ruby/gems/2.0.0/gems/railties-4.0.4/lib/rails/commands/runner.rb:53:in `<top (required)>'
	from /Users/Dan/.rbenv/versions/2.0.0-p451/lib/ruby/gems/2.0.0/gems/railties-4.0.4/lib/rails/commands/runner.rb:53:in `eval'
	from /Users/Dan/.rbenv/versions/2.0.0-p451/lib/ruby/gems/2.0.0/gems/railties-4.0.4/lib/rails/commands/runner.rb:53:in `<top (required)>'
	from /Users/Dan/.rbenv/versions/2.0.0-p451/lib/ruby/gems/2.0.0/gems/railties-4.0.4/lib/rails/commands.rb:84:in `require'
	from /Users/Dan/.rbenv/versions/2.0.0-p451/lib/ruby/gems/2.0.0/gems/railties-4.0.4/lib/rails/commands.rb:84:in `<top (required)>'
	from bin/rails:4:in `require'
	from bin/rails:4:in `<main>'
/Users/Dan/.rbenv/versions/2.0.0-p451/lib/ruby/gems/2.0.0/gems/activerecord-4.0.4/lib/active_record/connection_adapters/sqlite3_adapter.rb:512:in `table_structure': Could not find table 'users' (ActiveRecord::StatementInvalid)
	from /Users/Dan/.rbenv/versions/2.0.0-p451/lib/ruby/gems/2.0.0/gems/activerecord-4.0.4/lib/active_record/connection_adapters/sqlite3_adapter.rb:399:in `columns'
	from /Users/Dan/.rbenv/versions/2.0.0-p451/lib/ruby/gems/2.0.0/gems/activerecord-4.0.4/lib/active_record/connection_adapters/schema_cache.rb:114:in `block in prepare_default_proc'
	from /Users/Dan/.rbenv/versions/2.0.0-p451/lib/ruby/gems/2.0.0/gems/activerecord-4.0.4/lib/active_record/connection_adapters/schema_cache.rb:56:in `yield'
	from /Users/Dan/.rbenv/versions/2.0.0-p451/lib/ruby/gems/2.0.0/gems/activerecord-4.0.4/lib/active_record/connection_adapters/schema_cache.rb:56:in `columns'
	from /Users/Dan/.rbenv/versions/2.0.0-p451/lib/ruby/gems/2.0.0/gems/activerecord-4.0.4/lib/active_record/model_schema.rb:208:in `columns'
	from /Users/Dan/.rbenv/versions/2.0.0-p451/lib/ruby/gems/2.0.0/gems/activerecord-4.0.4/lib/active_record/model_schema.rb:217:in `columns_hash'
	from /Users/Dan/.rbenv/versions/2.0.0-p451/lib/ruby/gems/2.0.0/gems/activerecord-4.0.4/lib/active_record/inheritance.rb:176:in `subclass_from_attributes?'
	from /Users/Dan/.rbenv/versions/2.0.0-p451/lib/ruby/gems/2.0.0/gems/activerecord-4.0.4/lib/active_record/inheritance.rb:23:in `new'
	from /Users/Dan/.rbenv/versions/2.0.0-p451/lib/ruby/gems/2.0.0/gems/activerecord-4.0.4/lib/active_record/persistence.rb:33:in `create'
	from /Users/Dan/.rbenv/versions/2.0.0-p451/lib/ruby/gems/2.0.0/gems/railties-4.0.4/lib/rails/commands/runner.rb:53:in `<top (required)>'
	from /Users/Dan/.rbenv/versions/2.0.0-p451/lib/ruby/gems/2.0.0/gems/railties-4.0.4/lib/rails/commands/runner.rb:53:in `eval'
	from /Users/Dan/.rbenv/versions/2.0.0-p451/lib/ruby/gems/2.0.0/gems/railties-4.0.4/lib/rails/commands/runner.rb:53:in `<top (required)>'
	from /Users/Dan/.rbenv/versions/2.0.0-p451/lib/ruby/gems/2.0.0/gems/railties-4.0.4/lib/rails/commands.rb:84:in `require'
	from /Users/Dan/.rbenv/versions/2.0.0-p451/lib/ruby/gems/2.0.0/gems/railties-4.0.4/lib/rails/commands.rb:84:in `<top (required)>'
	from bin/rails:4:in `require'
	from bin/rails:4:in `<main>'
/Users/Dan/.rbenv/versions/2.0.0-p451/lib/ruby/gems/2.0.0/gems/activerecord-4.0.4/lib/active_record/connection_adapters/sqlite3_adapter.rb:512:in `table_structure': Could not find table 'users' (ActiveRecord::StatementInvalid)
	from /Users/Dan/.rbenv/versions/2.0.0-p451/lib/ruby/gems/2.0.0/gems/activerecord-4.0.4/lib/active_record/connection_adapters/sqlite3_adapter.rb:399:in `columns'
	from /Users/Dan/.rbenv/versions/2.0.0-p451/lib/ruby/gems/2.0.0/gems/activerecord-4.0.4/lib/active_record/connection_adapters/schema_cache.rb:114:in `block in prepare_default_proc'
	from /Users/Dan/.rbenv/versions/2.0.0-p451/lib/ruby/gems/2.0.0/gems/activerecord-4.0.4/lib/active_record/connection_adapters/schema_cache.rb:56:in `yield'
	from /Users/Dan/.rbenv/versions/2.0.0-p451/lib/ruby/gems/2.0.0/gems/activerecord-4.0.4/lib/active_record/connection_adapters/schema_cache.rb:56:in `columns'
	from /Users/Dan/.rbenv/versions/2.0.0-p451/lib/ruby/gems/2.0.0/gems/activerecord-4.0.4/lib/active_record/model_schema.rb:208:in `columns'
	from /Users/Dan/.rbenv/versions/2.0.0-p451/lib/ruby/gems/2.0.0/gems/activerecord-4.0.4/lib/active_record/model_schema.rb:217:in `columns_hash'
	from /Users/Dan/.rbenv/versions/2.0.0-p451/lib/ruby/gems/2.0.0/gems/activerecord-4.0.4/lib/active_record/inheritance.rb:176:in `subclass_from_attributes?'
	from /Users/Dan/.rbenv/versions/2.0.0-p451/lib/ruby/gems/2.0.0/gems/activerecord-4.0.4/lib/active_record/inheritance.rb:23:in `new'
	from /Users/Dan/.rbenv/versions/2.0.0-p451/lib/ruby/gems/2.0.0/gems/activerecord-4.0.4/lib/active_record/persistence.rb:33:in `create'
	from /Users/Dan/.rbenv/versions/2.0.0-p451/lib/ruby/gems/2.0.0/gems/railties-4.0.4/lib/rails/commands/runner.rb:53:in `<top (required)>'
	from /Users/Dan/.rbenv/versions/2.0.0-p451/lib/ruby/gems/2.0.0/gems/railties-4.0.4/lib/rails/commands/runner.rb:53:in `eval'
	from /Users/Dan/.rbenv/versions/2.0.0-p451/lib/ruby/gems/2.0.0/gems/railties-4.0.4/lib/rails/commands/runner.rb:53:in `<top (required)>'
	from /Users/Dan/.rbenv/versions/2.0.0-p451/lib/ruby/gems/2.0.0/gems/railties-4.0.4/lib/rails/commands.rb:84:in `require'
	from /Users/Dan/.rbenv/versions/2.0.0-p451/lib/ruby/gems/2.0.0/gems/railties-4.0.4/lib/rails/commands.rb:84:in `<top (required)>'
	from bin/rails:4:in `require'
	from bin/rails:4:in `<main>'
/Users/Dan/.rbenv/versions/2.0.0-p451/lib/ruby/gems/2.0.0/gems/activerecord-4.0.4/lib/active_record/connection_adapters/sqlite3_adapter.rb:512:in `table_structure': Could not find table 'users' (ActiveRecord::StatementInvalid)
	from /Users/Dan/.rbenv/versions/2.0.0-p451/lib/ruby/gems/2.0.0/gems/activerecord-4.0.4/lib/active_record/connection_adapters/sqlite3_adapter.rb:399:in `columns'
	from /Users/Dan/.rbenv/versions/2.0.0-p451/lib/ruby/gems/2.0.0/gems/activerecord-4.0.4/lib/active_record/connection_adapters/schema_cache.rb:114:in `block in prepare_default_proc'
	from /Users/Dan/.rbenv/versions/2.0.0-p451/lib/ruby/gems/2.0.0/gems/activerecord-4.0.4/lib/active_record/connection_adapters/schema_cache.rb:56:in `yield'
	from /Users/Dan/.rbenv/versions/2.0.0-p451/lib/ruby/gems/2.0.0/gems/activerecord-4.0.4/lib/active_record/connection_adapters/schema_cache.rb:56:in `columns'
	from /Users/Dan/.rbenv/versions/2.0.0-p451/lib/ruby/gems/2.0.0/gems/activerecord-4.0.4/lib/active_record/model_schema.rb:208:in `columns'
	from /Users/Dan/.rbenv/versions/2.0.0-p451/lib/ruby/gems/2.0.0/gems/activerecord-4.0.4/lib/active_record/model_schema.rb:217:in `columns_hash'
	from /Users/Dan/.rbenv/versions/2.0.0-p451/lib/ruby/gems/2.0.0/gems/activerecord-4.0.4/lib/active_record/inheritance.rb:176:in `subclass_from_attributes?'
	from /Users/Dan/.rbenv/versions/2.0.0-p451/lib/ruby/gems/2.0.0/gems/activerecord-4.0.4/lib/active_record/inheritance.rb:23:in `new'
	from /Users/Dan/.rbenv/versions/2.0.0-p451/lib/ruby/gems/2.0.0/gems/activerecord-4.0.4/lib/active_record/persistence.rb:33:in `create'
	from /Users/Dan/.rbenv/versions/2.0.0-p451/lib/ruby/gems/2.0.0/gems/railties-4.0.4/lib/rails/commands/runner.rb:53:in `<top (required)>'
	from /Users/Dan/.rbenv/versions/2.0.0-p451/lib/ruby/gems/2.0.0/gems/railties-4.0.4/lib/rails/commands/runner.rb:53:in `eval'
	from /Users/Dan/.rbenv/versions/2.0.0-p451/lib/ruby/gems/2.0.0/gems/railties-4.0.4/lib/rails/commands/runner.rb:53:in `<top (required)>'
	from /Users/Dan/.rbenv/versions/2.0.0-p451/lib/ruby/gems/2.0.0/gems/railties-4.0.4/lib/rails/commands.rb:84:in `require'
	from /Users/Dan/.rbenv/versions/2.0.0-p451/lib/ruby/gems/2.0.0/gems/railties-4.0.4/lib/rails/commands.rb:84:in `<top (required)>'
	from bin/rails:4:in `require'
	from bin/rails:4:in `<main>'
/Users/Dan/.rbenv/versions/2.0.0-p451/lib/ruby/gems/2.0.0/gems/activerecord-4.0.4/lib/active_record/connection_adapters/sqlite3_adapter.rb:512:in `table_structure': Could not find table 'users' (ActiveRecord::StatementInvalid)
	from /Users/Dan/.rbenv/versions/2.0.0-p451/lib/ruby/gems/2.0.0/gems/activerecord-4.0.4/lib/active_record/connection_adapters/sqlite3_adapter.rb:399:in `columns'
	from /Users/Dan/.rbenv/versions/2.0.0-p451/lib/ruby/gems/2.0.0/gems/activerecord-4.0.4/lib/active_record/connection_adapters/schema_cache.rb:114:in `block in prepare_default_proc'
	from /Users/Dan/.rbenv/versions/2.0.0-p451/lib/ruby/gems/2.0.0/gems/activerecord-4.0.4/lib/active_record/connection_adapters/schema_cache.rb:56:in `yield'
	from /Users/Dan/.rbenv/versions/2.0.0-p451/lib/ruby/gems/2.0.0/gems/activerecord-4.0.4/lib/active_record/connection_adapters/schema_cache.rb:56:in `columns'
	from /Users/Dan/.rbenv/versions/2.0.0-p451/lib/ruby/gems/2.0.0/gems/activerecord-4.0.4/lib/active_record/model_schema.rb:208:in `columns'
	from /Users/Dan/.rbenv/versions/2.0.0-p451/lib/ruby/gems/2.0.0/gems/activerecord-4.0.4/lib/active_record/model_schema.rb:217:in `columns_hash'
	from /Users/Dan/.rbenv/versions/2.0.0-p451/lib/ruby/gems/2.0.0/gems/activerecord-4.0.4/lib/active_record/inheritance.rb:176:in `subclass_from_attributes?'
	from /Users/Dan/.rbenv/versions/2.0.0-p451/lib/ruby/gems/2.0.0/gems/activerecord-4.0.4/lib/active_record/inheritance.rb:23:in `new'
	from /Users/Dan/.rbenv/versions/2.0.0-p451/lib/ruby/gems/2.0.0/gems/activerecord-4.0.4/lib/active_record/persistence.rb:33:in `create'
	from /Users/Dan/.rbenv/versions/2.0.0-p451/lib/ruby/gems/2.0.0/gems/railties-4.0.4/lib/rails/commands/runner.rb:53:in `<top (required)>'
	from /Users/Dan/.rbenv/versions/2.0.0-p451/lib/ruby/gems/2.0.0/gems/railties-4.0.4/lib/rails/commands/runner.rb:53:in `eval'
	from /Users/Dan/.rbenv/versions/2.0.0-p451/lib/ruby/gems/2.0.0/gems/railties-4.0.4/lib/rails/commands/runner.rb:53:in `<top (required)>'
	from /Users/Dan/.rbenv/versions/2.0.0-p451/lib/ruby/gems/2.0.0/gems/railties-4.0.4/lib/rails/commands.rb:84:in `require'
	from /Users/Dan/.rbenv/versions/2.0.0-p451/lib/ruby/gems/2.0.0/gems/railties-4.0.4/lib/rails/commands.rb:84:in `<top (required)>'
	from bin/rails:4:in `require'
	from bin/rails:4:in `<main>'
/Users/Dan/.rbenv/versions/2.0.0-p451/lib/ruby/gems/2.0.0/gems/activesupport-4.0.4/lib/active_support/dependencies.rb:229:in `require': /Users/Dan/Desktop/jamy/app/models/user.rb:8: syntax error, unexpected keyword_end, expecting end-of-input (SyntaxError)
	from /Users/Dan/.rbenv/versions/2.0.0-p451/lib/ruby/gems/2.0.0/gems/activesupport-4.0.4/lib/active_support/dependencies.rb:229:in `block in require'
	from /Users/Dan/.rbenv/versions/2.0.0-p451/lib/ruby/gems/2.0.0/gems/activesupport-4.0.4/lib/active_support/dependencies.rb:214:in `load_dependency'
	from /Users/Dan/.rbenv/versions/2.0.0-p451/lib/ruby/gems/2.0.0/gems/activesupport-4.0.4/lib/active_support/dependencies.rb:229:in `require'
	from /Users/Dan/.rbenv/versions/2.0.0-p451/lib/ruby/gems/2.0.0/gems/activesupport-4.0.4/lib/active_support/dependencies.rb:330:in `require_or_load'
	from /Users/Dan/.rbenv/versions/2.0.0-p451/lib/ruby/gems/2.0.0/gems/activesupport-4.0.4/lib/active_support/dependencies.rb:289:in `depend_on'
	from /Users/Dan/.rbenv/versions/2.0.0-p451/lib/ruby/gems/2.0.0/gems/activesupport-4.0.4/lib/active_support/dependencies.rb:207:in `require_dependency'
	from /Users/Dan/.rbenv/versions/2.0.0-p451/lib/ruby/gems/2.0.0/gems/railties-4.0.4/lib/rails/engine.rb:465:in `block (2 levels) in eager_load!'
	from /Users/Dan/.rbenv/versions/2.0.0-p451/lib/ruby/gems/2.0.0/gems/railties-4.0.4/lib/rails/engine.rb:464:in `each'
	from /Users/Dan/.rbenv/versions/2.0.0-p451/lib/ruby/gems/2.0.0/gems/railties-4.0.4/lib/rails/engine.rb:464:in `block in eager_load!'
	from /Users/Dan/.rbenv/versions/2.0.0-p451/lib/ruby/gems/2.0.0/gems/railties-4.0.4/lib/rails/engine.rb:462:in `each'
	from /Users/Dan/.rbenv/versions/2.0.0-p451/lib/ruby/gems/2.0.0/gems/railties-4.0.4/lib/rails/engine.rb:462:in `eager_load!'
	from /Users/Dan/.rbenv/versions/2.0.0-p451/lib/ruby/gems/2.0.0/gems/railties-4.0.4/lib/rails/engine.rb:347:in `eager_load!'
	from /Users/Dan/.rbenv/versions/2.0.0-p451/lib/ruby/gems/2.0.0/gems/railties-4.0.4/lib/rails/application/finisher.rb:56:in `each'
	from /Users/Dan/.rbenv/versions/2.0.0-p451/lib/ruby/gems/2.0.0/gems/railties-4.0.4/lib/rails/application/finisher.rb:56:in `block in <module:Finisher>'
	from /Users/Dan/.rbenv/versions/2.0.0-p451/lib/ruby/gems/2.0.0/gems/railties-4.0.4/lib/rails/initializable.rb:30:in `instance_exec'
	from /Users/Dan/.rbenv/versions/2.0.0-p451/lib/ruby/gems/2.0.0/gems/railties-4.0.4/lib/rails/initializable.rb:30:in `run'
	from /Users/Dan/.rbenv/versions/2.0.0-p451/lib/ruby/gems/2.0.0/gems/railties-4.0.4/lib/rails/initializable.rb:55:in `block in run_initializers'
	from /Users/Dan/.rbenv/versions/2.0.0-p451/lib/ruby/2.0.0/tsort.rb:150:in `block in tsort_each'
	from /Users/Dan/.rbenv/versions/2.0.0-p451/lib/ruby/2.0.0/tsort.rb:183:in `block (2 levels) in each_strongly_connected_component'
	from /Users/Dan/.rbenv/versions/2.0.0-p451/lib/ruby/2.0.0/tsort.rb:219:in `each_strongly_connected_component_from'
	from /Users/Dan/.rbenv/versions/2.0.0-p451/lib/ruby/2.0.0/tsort.rb:182:in `block in each_strongly_connected_component'
	from /Users/Dan/.rbenv/versions/2.0.0-p451/lib/ruby/2.0.0/tsort.rb:180:in `each'
	from /Users/Dan/.rbenv/versions/2.0.0-p451/lib/ruby/2.0.0/tsort.rb:180:in `each_strongly_connected_component'
	from /Users/Dan/.rbenv/versions/2.0.0-p451/lib/ruby/2.0.0/tsort.rb:148:in `tsort_each'
	from /Users/Dan/.rbenv/versions/2.0.0-p451/lib/ruby/gems/2.0.0/gems/railties-4.0.4/lib/rails/initializable.rb:54:in `run_initializers'
	from /Users/Dan/.rbenv/versions/2.0.0-p451/lib/ruby/gems/2.0.0/gems/railties-4.0.4/lib/rails/application.rb:215:in `initialize!'
	from /Users/Dan/.rbenv/versions/2.0.0-p451/lib/ruby/gems/2.0.0/gems/railties-4.0.4/lib/rails/railtie/configurable.rb:30:in `method_missing'
	from /Users/Dan/Desktop/jamy/config/environment.rb:5:in `<top (required)>'
	from /Users/Dan/.rbenv/versions/2.0.0-p451/lib/ruby/gems/2.0.0/gems/activesupport-4.0.4/lib/active_support/dependencies.rb:229:in `require'
	from /Users/Dan/.rbenv/versions/2.0.0-p451/lib/ruby/gems/2.0.0/gems/activesupport-4.0.4/lib/active_support/dependencies.rb:229:in `block in require'
	from /Users/Dan/.rbenv/versions/2.0.0-p451/lib/ruby/gems/2.0.0/gems/activesupport-4.0.4/lib/active_support/dependencies.rb:214:in `load_dependency'
	from /Users/Dan/.rbenv/versions/2.0.0-p451/lib/ruby/gems/2.0.0/gems/activesupport-4.0.4/lib/active_support/dependencies.rb:229:in `require'
	from /Users/Dan/.rbenv/versions/2.0.0-p451/lib/ruby/gems/2.0.0/gems/railties-4.0.4/lib/rails/application.rb:189:in `require_environment!'
	from /Users/Dan/.rbenv/versions/2.0.0-p451/lib/ruby/gems/2.0.0/gems/railties-4.0.4/lib/rails/commands/runner.rb:43:in `<top (required)>'
	from /Users/Dan/.rbenv/versions/2.0.0-p451/lib/ruby/gems/2.0.0/gems/railties-4.0.4/lib/rails/commands.rb:84:in `require'
	from /Users/Dan/.rbenv/versions/2.0.0-p451/lib/ruby/gems/2.0.0/gems/railties-4.0.4/lib/rails/commands.rb:84:in `<top (required)>'
	from bin/rails:4:in `require'
	from bin/rails:4:in `<main>'
/Users/Dan/.rbenv/versions/2.0.0-p451/lib/ruby/gems/2.0.0/gems/activerecord-4.0.4/lib/active_record/connection_adapters/sqlite3_adapter.rb:512:in `table_structure': Could not find table 'users' (ActiveRecord::StatementInvalid)
	from /Users/Dan/.rbenv/versions/2.0.0-p451/lib/ruby/gems/2.0.0/gems/activerecord-4.0.4/lib/active_record/connection_adapters/sqlite3_adapter.rb:399:in `columns'
	from /Users/Dan/.rbenv/versions/2.0.0-p451/lib/ruby/gems/2.0.0/gems/activerecord-4.0.4/lib/active_record/connection_adapters/schema_cache.rb:114:in `block in prepare_default_proc'
	from /Users/Dan/.rbenv/versions/2.0.0-p451/lib/ruby/gems/2.0.0/gems/activerecord-4.0.4/lib/active_record/connection_adapters/schema_cache.rb:56:in `yield'
	from /Users/Dan/.rbenv/versions/2.0.0-p451/lib/ruby/gems/2.0.0/gems/activerecord-4.0.4/lib/active_record/connection_adapters/schema_cache.rb:56:in `columns'
	from /Users/Dan/.rbenv/versions/2.0.0-p451/lib/ruby/gems/2.0.0/gems/activerecord-4.0.4/lib/active_record/model_schema.rb:208:in `columns'
	from /Users/Dan/.rbenv/versions/2.0.0-p451/lib/ruby/gems/2.0.0/gems/activerecord-4.0.4/lib/active_record/model_schema.rb:217:in `columns_hash'
	from /Users/Dan/.rbenv/versions/2.0.0-p451/lib/ruby/gems/2.0.0/gems/activerecord-4.0.4/lib/active_record/inheritance.rb:176:in `subclass_from_attributes?'
	from /Users/Dan/.rbenv/versions/2.0.0-p451/lib/ruby/gems/2.0.0/gems/activerecord-4.0.4/lib/active_record/inheritance.rb:23:in `new'
	from /Users/Dan/.rbenv/versions/2.0.0-p451/lib/ruby/gems/2.0.0/gems/activerecord-4.0.4/lib/active_record/persistence.rb:33:in `create'
	from /Users/Dan/.rbenv/versions/2.0.0-p451/lib/ruby/gems/2.0.0/gems/railties-4.0.4/lib/rails/commands/runner.rb:53:in `<top (required)>'
	from /Users/Dan/.rbenv/versions/2.0.0-p451/lib/ruby/gems/2.0.0/gems/railties-4.0.4/lib/rails/commands/runner.rb:53:in `eval'
	from /Users/Dan/.rbenv/versions/2.0.0-p451/lib/ruby/gems/2.0.0/gems/railties-4.0.4/lib/rails/commands/runner.rb:53:in `<top (required)>'
	from /Users/Dan/.rbenv/versions/2.0.0-p451/lib/ruby/gems/2.0.0/gems/railties-4.0.4/lib/rails/commands.rb:84:in `require'
	from /Users/Dan/.rbenv/versions/2.0.0-p451/lib/ruby/gems/2.0.0/gems/railties-4.0.4/lib/rails/commands.rb:84:in `<top (required)>'
	from bin/rails:4:in `require'
	from bin/rails:4:in `<main>'
/Users/Dan/.rbenv/versions/2.0.0-p451/lib/ruby/gems/2.0.0/gems/activerecord-4.0.4/lib/active_record/connection_adapters/sqlite3_adapter.rb:512:in `table_structure': Could not find table 'users' (ActiveRecord::StatementInvalid)
	from /Users/Dan/.rbenv/versions/2.0.0-p451/lib/ruby/gems/2.0.0/gems/activerecord-4.0.4/lib/active_record/connection_adapters/sqlite3_adapter.rb:399:in `columns'
	from /Users/Dan/.rbenv/versions/2.0.0-p451/lib/ruby/gems/2.0.0/gems/activerecord-4.0.4/lib/active_record/connection_adapters/schema_cache.rb:114:in `block in prepare_default_proc'
	from /Users/Dan/.rbenv/versions/2.0.0-p451/lib/ruby/gems/2.0.0/gems/activerecord-4.0.4/lib/active_record/connection_adapters/schema_cache.rb:56:in `yield'
	from /Users/Dan/.rbenv/versions/2.0.0-p451/lib/ruby/gems/2.0.0/gems/activerecord-4.0.4/lib/active_record/connection_adapters/schema_cache.rb:56:in `columns'
	from /Users/Dan/.rbenv/versions/2.0.0-p451/lib/ruby/gems/2.0.0/gems/activerecord-4.0.4/lib/active_record/model_schema.rb:208:in `columns'
	from /Users/Dan/.rbenv/versions/2.0.0-p451/lib/ruby/gems/2.0.0/gems/activerecord-4.0.4/lib/active_record/model_schema.rb:217:in `columns_hash'
	from /Users/Dan/.rbenv/versions/2.0.0-p451/lib/ruby/gems/2.0.0/gems/activerecord-4.0.4/lib/active_record/inheritance.rb:176:in `subclass_from_attributes?'
	from /Users/Dan/.rbenv/versions/2.0.0-p451/lib/ruby/gems/2.0.0/gems/activerecord-4.0.4/lib/active_record/inheritance.rb:23:in `new'
	from /Users/Dan/.rbenv/versions/2.0.0-p451/lib/ruby/gems/2.0.0/gems/activerecord-4.0.4/lib/active_record/persistence.rb:33:in `create'
	from /Users/Dan/Desktop/jamy/app/models/user.rb:6:in `create'
	from /Users/Dan/.rbenv/versions/2.0.0-p451/lib/ruby/gems/2.0.0/gems/railties-4.0.4/lib/rails/commands/runner.rb:53:in `<top (required)>'
	from /Users/Dan/.rbenv/versions/2.0.0-p451/lib/ruby/gems/2.0.0/gems/railties-4.0.4/lib/rails/commands/runner.rb:53:in `eval'
	from /Users/Dan/.rbenv/versions/2.0.0-p451/lib/ruby/gems/2.0.0/gems/railties-4.0.4/lib/rails/commands/runner.rb:53:in `<top (required)>'
	from /Users/Dan/.rbenv/versions/2.0.0-p451/lib/ruby/gems/2.0.0/gems/railties-4.0.4/lib/rails/commands.rb:84:in `require'
	from /Users/Dan/.rbenv/versions/2.0.0-p451/lib/ruby/gems/2.0.0/gems/railties-4.0.4/lib/rails/commands.rb:84:in `<top (required)>'
	from bin/rails:4:in `require'
	from bin/rails:4:in `<main>'
/Users/Dan/.rbenv/versions/2.0.0-p451/lib/ruby/gems/2.0.0/gems/activerecord-4.0.4/lib/active_record/connection_adapters/sqlite3_adapter.rb:512:in `table_structure': Could not find table 'users' (ActiveRecord::StatementInvalid)
	from /Users/Dan/.rbenv/versions/2.0.0-p451/lib/ruby/gems/2.0.0/gems/activerecord-4.0.4/lib/active_record/connection_adapters/sqlite3_adapter.rb:399:in `columns'
	from /Users/Dan/.rbenv/versions/2.0.0-p451/lib/ruby/gems/2.0.0/gems/activerecord-4.0.4/lib/active_record/connection_adapters/schema_cache.rb:114:in `block in prepare_default_proc'
	from /Users/Dan/.rbenv/versions/2.0.0-p451/lib/ruby/gems/2.0.0/gems/activerecord-4.0.4/lib/active_record/connection_adapters/schema_cache.rb:56:in `yield'
	from /Users/Dan/.rbenv/versions/2.0.0-p451/lib/ruby/gems/2.0.0/gems/activerecord-4.0.4/lib/active_record/connection_adapters/schema_cache.rb:56:in `columns'
	from /Users/Dan/.rbenv/versions/2.0.0-p451/lib/ruby/gems/2.0.0/gems/activerecord-4.0.4/lib/active_record/model_schema.rb:208:in `columns'
	from /Users/Dan/.rbenv/versions/2.0.0-p451/lib/ruby/gems/2.0.0/gems/activerecord-4.0.4/lib/active_record/model_schema.rb:217:in `columns_hash'
	from /Users/Dan/.rbenv/versions/2.0.0-p451/lib/ruby/gems/2.0.0/gems/activerecord-4.0.4/lib/active_record/inheritance.rb:176:in `subclass_from_attributes?'
	from /Users/Dan/.rbenv/versions/2.0.0-p451/lib/ruby/gems/2.0.0/gems/activerecord-4.0.4/lib/active_record/inheritance.rb:23:in `new'
	from /Users/Dan/.rbenv/versions/2.0.0-p451/lib/ruby/gems/2.0.0/gems/activerecord-4.0.4/lib/active_record/persistence.rb:33:in `create'
	from /Users/Dan/Desktop/jamy/app/models/user.rb:6:in `create'
	from /Users/Dan/.rbenv/versions/2.0.0-p451/lib/ruby/gems/2.0.0/gems/railties-4.0.4/lib/rails/commands/runner.rb:53:in `<top (required)>'
	from /Users/Dan/.rbenv/versions/2.0.0-p451/lib/ruby/gems/2.0.0/gems/railties-4.0.4/lib/rails/commands/runner.rb:53:in `eval'
	from /Users/Dan/.rbenv/versions/2.0.0-p451/lib/ruby/gems/2.0.0/gems/railties-4.0.4/lib/rails/commands/runner.rb:53:in `<top (required)>'
	from /Users/Dan/.rbenv/versions/2.0.0-p451/lib/ruby/gems/2.0.0/gems/railties-4.0.4/lib/rails/commands.rb:84:in `require'
	from /Users/Dan/.rbenv/versions/2.0.0-p451/lib/ruby/gems/2.0.0/gems/railties-4.0.4/lib/rails/commands.rb:84:in `<top (required)>'
	from bin/rails:4:in `require'
	from bin/rails:4:in `<main>'
/Users/Dan/.rbenv/versions/2.0.0-p451/lib/ruby/gems/2.0.0/gems/activerecord-4.0.4/lib/active_record/connection_adapters/sqlite3_adapter.rb:512:in `table_structure': Could not find table 'users' (ActiveRecord::StatementInvalid)
	from /Users/Dan/.rbenv/versions/2.0.0-p451/lib/ruby/gems/2.0.0/gems/activerecord-4.0.4/lib/active_record/connection_adapters/sqlite3_adapter.rb:399:in `columns'
	from /Users/Dan/.rbenv/versions/2.0.0-p451/lib/ruby/gems/2.0.0/gems/activerecord-4.0.4/lib/active_record/connection_adapters/schema_cache.rb:114:in `block in prepare_default_proc'
	from /Users/Dan/.rbenv/versions/2.0.0-p451/lib/ruby/gems/2.0.0/gems/activerecord-4.0.4/lib/active_record/connection_adapters/schema_cache.rb:56:in `yield'
	from /Users/Dan/.rbenv/versions/2.0.0-p451/lib/ruby/gems/2.0.0/gems/activerecord-4.0.4/lib/active_record/connection_adapters/schema_cache.rb:56:in `columns'
	from /Users/Dan/.rbenv/versions/2.0.0-p451/lib/ruby/gems/2.0.0/gems/activerecord-4.0.4/lib/active_record/model_schema.rb:208:in `columns'
	from /Users/Dan/.rbenv/versions/2.0.0-p451/lib/ruby/gems/2.0.0/gems/activerecord-4.0.4/lib/active_record/model_schema.rb:217:in `columns_hash'
	from /Users/Dan/.rbenv/versions/2.0.0-p451/lib/ruby/gems/2.0.0/gems/activerecord-4.0.4/lib/active_record/inheritance.rb:176:in `subclass_from_attributes?'
	from /Users/Dan/.rbenv/versions/2.0.0-p451/lib/ruby/gems/2.0.0/gems/activerecord-4.0.4/lib/active_record/inheritance.rb:23:in `new'
	from /Users/Dan/.rbenv/versions/2.0.0-p451/lib/ruby/gems/2.0.0/gems/activerecord-4.0.4/lib/active_record/persistence.rb:33:in `create'
	from /Users/Dan/Desktop/jamy/app/models/user.rb:6:in `create'
	from /Users/Dan/.rbenv/versions/2.0.0-p451/lib/ruby/gems/2.0.0/gems/railties-4.0.4/lib/rails/commands/runner.rb:53:in `<top (required)>'
	from /Users/Dan/.rbenv/versions/2.0.0-p451/lib/ruby/gems/2.0.0/gems/railties-4.0.4/lib/rails/commands/runner.rb:53:in `eval'
	from /Users/Dan/.rbenv/versions/2.0.0-p451/lib/ruby/gems/2.0.0/gems/railties-4.0.4/lib/rails/commands/runner.rb:53:in `<top (required)>'
	from /Users/Dan/.rbenv/versions/2.0.0-p451/lib/ruby/gems/2.0.0/gems/railties-4.0.4/lib/rails/commands.rb:84:in `require'
	from /Users/Dan/.rbenv/versions/2.0.0-p451/lib/ruby/gems/2.0.0/gems/railties-4.0.4/lib/rails/commands.rb:84:in `<top (required)>'
	from bin/rails:4:in `require'
	from bin/rails:4:in `<main>'
/Users/Dan/.rbenv/versions/2.0.0-p451/lib/ruby/gems/2.0.0/gems/activerecord-4.0.4/lib/active_record/connection_adapters/sqlite3_adapter.rb:512:in `table_structure': Could not find table 'users' (ActiveRecord::StatementInvalid)
	from /Users/Dan/.rbenv/versions/2.0.0-p451/lib/ruby/gems/2.0.0/gems/activerecord-4.0.4/lib/active_record/connection_adapters/sqlite3_adapter.rb:399:in `columns'
	from /Users/Dan/.rbenv/versions/2.0.0-p451/lib/ruby/gems/2.0.0/gems/activerecord-4.0.4/lib/active_record/connection_adapters/schema_cache.rb:114:in `block in prepare_default_proc'
	from /Users/Dan/.rbenv/versions/2.0.0-p451/lib/ruby/gems/2.0.0/gems/activerecord-4.0.4/lib/active_record/connection_adapters/schema_cache.rb:56:in `yield'
	from /Users/Dan/.rbenv/versions/2.0.0-p451/lib/ruby/gems/2.0.0/gems/activerecord-4.0.4/lib/active_record/connection_adapters/schema_cache.rb:56:in `columns'
	from /Users/Dan/.rbenv/versions/2.0.0-p451/lib/ruby/gems/2.0.0/gems/activerecord-4.0.4/lib/active_record/model_schema.rb:208:in `columns'
	from /Users/Dan/.rbenv/versions/2.0.0-p451/lib/ruby/gems/2.0.0/gems/activerecord-4.0.4/lib/active_record/model_schema.rb:217:in `columns_hash'
	from /Users/Dan/.rbenv/versions/2.0.0-p451/lib/ruby/gems/2.0.0/gems/activerecord-4.0.4/lib/active_record/inheritance.rb:176:in `subclass_from_attributes?'
	from /Users/Dan/.rbenv/versions/2.0.0-p451/lib/ruby/gems/2.0.0/gems/activerecord-4.0.4/lib/active_record/inheritance.rb:23:in `new'
	from /Users/Dan/.rbenv/versions/2.0.0-p451/lib/ruby/gems/2.0.0/gems/activerecord-4.0.4/lib/active_record/persistence.rb:33:in `create'
	from /Users/Dan/Desktop/jamy/app/models/user.rb:6:in `create'
	from /Users/Dan/.rbenv/versions/2.0.0-p451/lib/ruby/gems/2.0.0/gems/railties-4.0.4/lib/rails/commands/runner.rb:53:in `<top (required)>'
	from /Users/Dan/.rbenv/versions/2.0.0-p451/lib/ruby/gems/2.0.0/gems/railties-4.0.4/lib/rails/commands/runner.rb:53:in `eval'
	from /Users/Dan/.rbenv/versions/2.0.0-p451/lib/ruby/gems/2.0.0/gems/railties-4.0.4/lib/rails/commands/runner.rb:53:in `<top (required)>'
	from /Users/Dan/.rbenv/versions/2.0.0-p451/lib/ruby/gems/2.0.0/gems/railties-4.0.4/lib/rails/commands.rb:84:in `require'
	from /Users/Dan/.rbenv/versions/2.0.0-p451/lib/ruby/gems/2.0.0/gems/railties-4.0.4/lib/rails/commands.rb:84:in `<top (required)>'
	from bin/rails:4:in `require'
	from bin/rails:4:in `<main>'
/Users/Dan/.rbenv/versions/2.0.0-p451/lib/ruby/gems/2.0.0/gems/activerecord-4.0.4/lib/active_record/connection_adapters/sqlite3_adapter.rb:512:in `table_structure': Could not find table 'users' (ActiveRecord::StatementInvalid)
	from /Users/Dan/.rbenv/versions/2.0.0-p451/lib/ruby/gems/2.0.0/gems/activerecord-4.0.4/lib/active_record/connection_adapters/sqlite3_adapter.rb:399:in `columns'
	from /Users/Dan/.rbenv/versions/2.0.0-p451/lib/ruby/gems/2.0.0/gems/activerecord-4.0.4/lib/active_record/connection_adapters/schema_cache.rb:114:in `block in prepare_default_proc'
	from /Users/Dan/.rbenv/versions/2.0.0-p451/lib/ruby/gems/2.0.0/gems/activerecord-4.0.4/lib/active_record/connection_adapters/schema_cache.rb:56:in `yield'
	from /Users/Dan/.rbenv/versions/2.0.0-p451/lib/ruby/gems/2.0.0/gems/activerecord-4.0.4/lib/active_record/connection_adapters/schema_cache.rb:56:in `columns'
	from /Users/Dan/.rbenv/versions/2.0.0-p451/lib/ruby/gems/2.0.0/gems/activerecord-4.0.4/lib/active_record/model_schema.rb:208:in `columns'
	from /Users/Dan/.rbenv/versions/2.0.0-p451/lib/ruby/gems/2.0.0/gems/activerecord-4.0.4/lib/active_record/model_schema.rb:217:in `columns_hash'
	from /Users/Dan/.rbenv/versions/2.0.0-p451/lib/ruby/gems/2.0.0/gems/activerecord-4.0.4/lib/active_record/inheritance.rb:176:in `subclass_from_attributes?'
	from /Users/Dan/.rbenv/versions/2.0.0-p451/lib/ruby/gems/2.0.0/gems/activerecord-4.0.4/lib/active_record/inheritance.rb:23:in `new'
	from /Users/Dan/.rbenv/versions/2.0.0-p451/lib/ruby/gems/2.0.0/gems/activerecord-4.0.4/lib/active_record/persistence.rb:33:in `create'
	from /Users/Dan/Desktop/jamy/app/models/user.rb:6:in `create'
	from /Users/Dan/.rbenv/versions/2.0.0-p451/lib/ruby/gems/2.0.0/gems/railties-4.0.4/lib/rails/commands/runner.rb:53:in `<top (required)>'
	from /Users/Dan/.rbenv/versions/2.0.0-p451/lib/ruby/gems/2.0.0/gems/railties-4.0.4/lib/rails/commands/runner.rb:53:in `eval'
	from /Users/Dan/.rbenv/versions/2.0.0-p451/lib/ruby/gems/2.0.0/gems/railties-4.0.4/lib/rails/commands/runner.rb:53:in `<top (required)>'
	from /Users/Dan/.rbenv/versions/2.0.0-p451/lib/ruby/gems/2.0.0/gems/railties-4.0.4/lib/rails/commands.rb:84:in `require'
	from /Users/Dan/.rbenv/versions/2.0.0-p451/lib/ruby/gems/2.0.0/gems/railties-4.0.4/lib/rails/commands.rb:84:in `<top (required)>'
	from bin/rails:4:in `require'
	from bin/rails:4:in `<main>'
/Users/Dan/.rbenv/versions/2.0.0-p451/lib/ruby/gems/2.0.0/gems/activerecord-4.0.4/lib/active_record/connection_adapters/sqlite3_adapter.rb:512:in `table_structure': Could not find table 'users' (ActiveRecord::StatementInvalid)
	from /Users/Dan/.rbenv/versions/2.0.0-p451/lib/ruby/gems/2.0.0/gems/activerecord-4.0.4/lib/active_record/connection_adapters/sqlite3_adapter.rb:399:in `columns'
	from /Users/Dan/.rbenv/versions/2.0.0-p451/lib/ruby/gems/2.0.0/gems/activerecord-4.0.4/lib/active_record/connection_adapters/schema_cache.rb:114:in `block in prepare_default_proc'
	from /Users/Dan/.rbenv/versions/2.0.0-p451/lib/ruby/gems/2.0.0/gems/activerecord-4.0.4/lib/active_record/connection_adapters/schema_cache.rb:56:in `yield'
	from /Users/Dan/.rbenv/versions/2.0.0-p451/lib/ruby/gems/2.0.0/gems/activerecord-4.0.4/lib/active_record/connection_adapters/schema_cache.rb:56:in `columns'
	from /Users/Dan/.rbenv/versions/2.0.0-p451/lib/ruby/gems/2.0.0/gems/activerecord-4.0.4/lib/active_record/model_schema.rb:208:in `columns'
	from /Users/Dan/.rbenv/versions/2.0.0-p451/lib/ruby/gems/2.0.0/gems/activerecord-4.0.4/lib/active_record/model_schema.rb:217:in `columns_hash'
	from /Users/Dan/.rbenv/versions/2.0.0-p451/lib/ruby/gems/2.0.0/gems/activerecord-4.0.4/lib/active_record/inheritance.rb:176:in `subclass_from_attributes?'
	from /Users/Dan/.rbenv/versions/2.0.0-p451/lib/ruby/gems/2.0.0/gems/activerecord-4.0.4/lib/active_record/inheritance.rb:23:in `new'
	from /Users/Dan/.rbenv/versions/2.0.0-p451/lib/ruby/gems/2.0.0/gems/activerecord-4.0.4/lib/active_record/persistence.rb:33:in `create'
	from /Users/Dan/Desktop/jamy/app/models/user.rb:6:in `create'
	from /Users/Dan/.rbenv/versions/2.0.0-p451/lib/ruby/gems/2.0.0/gems/railties-4.0.4/lib/rails/commands/runner.rb:53:in `<top (required)>'
	from /Users/Dan/.rbenv/versions/2.0.0-p451/lib/ruby/gems/2.0.0/gems/railties-4.0.4/lib/rails/commands/runner.rb:53:in `eval'
	from /Users/Dan/.rbenv/versions/2.0.0-p451/lib/ruby/gems/2.0.0/gems/railties-4.0.4/lib/rails/commands/runner.rb:53:in `<top (required)>'
	from /Users/Dan/.rbenv/versions/2.0.0-p451/lib/ruby/gems/2.0.0/gems/railties-4.0.4/lib/rails/commands.rb:84:in `require'
	from /Users/Dan/.rbenv/versions/2.0.0-p451/lib/ruby/gems/2.0.0/gems/railties-4.0.4/lib/rails/commands.rb:84:in `<top (required)>'
	from bin/rails:4:in `require'
	from bin/rails:4:in `<main>'
/Users/Dan/.rbenv/versions/2.0.0-p451/lib/ruby/gems/2.0.0/gems/activerecord-4.0.4/lib/active_record/connection_adapters/sqlite3_adapter.rb:512:in `table_structure': Could not find table 'users' (ActiveRecord::StatementInvalid)
	from /Users/Dan/.rbenv/versions/2.0.0-p451/lib/ruby/gems/2.0.0/gems/activerecord-4.0.4/lib/active_record/connection_adapters/sqlite3_adapter.rb:399:in `columns'
	from /Users/Dan/.rbenv/versions/2.0.0-p451/lib/ruby/gems/2.0.0/gems/activerecord-4.0.4/lib/active_record/connection_adapters/schema_cache.rb:114:in `block in prepare_default_proc'
	from /Users/Dan/.rbenv/versions/2.0.0-p451/lib/ruby/gems/2.0.0/gems/activerecord-4.0.4/lib/active_record/connection_adapters/schema_cache.rb:56:in `yield'
	from /Users/Dan/.rbenv/versions/2.0.0-p451/lib/ruby/gems/2.0.0/gems/activerecord-4.0.4/lib/active_record/connection_adapters/schema_cache.rb:56:in `columns'
	from /Users/Dan/.rbenv/versions/2.0.0-p451/lib/ruby/gems/2.0.0/gems/activerecord-4.0.4/lib/active_record/model_schema.rb:208:in `columns'
	from /Users/Dan/.rbenv/versions/2.0.0-p451/lib/ruby/gems/2.0.0/gems/activerecord-4.0.4/lib/active_record/model_schema.rb:217:in `columns_hash'
	from /Users/Dan/.rbenv/versions/2.0.0-p451/lib/ruby/gems/2.0.0/gems/activerecord-4.0.4/lib/active_record/inheritance.rb:176:in `subclass_from_attributes?'
	from /Users/Dan/.rbenv/versions/2.0.0-p451/lib/ruby/gems/2.0.0/gems/activerecord-4.0.4/lib/active_record/inheritance.rb:23:in `new'
	from /Users/Dan/.rbenv/versions/2.0.0-p451/lib/ruby/gems/2.0.0/gems/activerecord-4.0.4/lib/active_record/persistence.rb:33:in `create'
	from /Users/Dan/Desktop/jamy/app/models/user.rb:6:in `create'
	from /Users/Dan/.rbenv/versions/2.0.0-p451/lib/ruby/gems/2.0.0/gems/railties-4.0.4/lib/rails/commands/runner.rb:53:in `<top (required)>'
	from /Users/Dan/.rbenv/versions/2.0.0-p451/lib/ruby/gems/2.0.0/gems/railties-4.0.4/lib/rails/commands/runner.rb:53:in `eval'
	from /Users/Dan/.rbenv/versions/2.0.0-p451/lib/ruby/gems/2.0.0/gems/railties-4.0.4/lib/rails/commands/runner.rb:53:in `<top (required)>'
	from /Users/Dan/.rbenv/versions/2.0.0-p451/lib/ruby/gems/2.0.0/gems/railties-4.0.4/lib/rails/commands.rb:84:in `require'
	from /Users/Dan/.rbenv/versions/2.0.0-p451/lib/ruby/gems/2.0.0/gems/railties-4.0.4/lib/rails/commands.rb:84:in `<top (required)>'
	from bin/rails:4:in `require'
	from bin/rails:4:in `<main>'
/Users/Dan/.rbenv/versions/2.0.0-p451/lib/ruby/gems/2.0.0/gems/activerecord-4.0.4/lib/active_record/connection_adapters/sqlite3_adapter.rb:512:in `table_structure': Could not find table 'users' (ActiveRecord::StatementInvalid)
	from /Users/Dan/.rbenv/versions/2.0.0-p451/lib/ruby/gems/2.0.0/gems/activerecord-4.0.4/lib/active_record/connection_adapters/sqlite3_adapter.rb:399:in `columns'
	from /Users/Dan/.rbenv/versions/2.0.0-p451/lib/ruby/gems/2.0.0/gems/activerecord-4.0.4/lib/active_record/connection_adapters/schema_cache.rb:114:in `block in prepare_default_proc'
	from /Users/Dan/.rbenv/versions/2.0.0-p451/lib/ruby/gems/2.0.0/gems/activerecord-4.0.4/lib/active_record/connection_adapters/schema_cache.rb:56:in `yield'
	from /Users/Dan/.rbenv/versions/2.0.0-p451/lib/ruby/gems/2.0.0/gems/activerecord-4.0.4/lib/active_record/connection_adapters/schema_cache.rb:56:in `columns'
	from /Users/Dan/.rbenv/versions/2.0.0-p451/lib/ruby/gems/2.0.0/gems/activerecord-4.0.4/lib/active_record/model_schema.rb:208:in `columns'
	from /Users/Dan/.rbenv/versions/2.0.0-p451/lib/ruby/gems/2.0.0/gems/activerecord-4.0.4/lib/active_record/model_schema.rb:217:in `columns_hash'
	from /Users/Dan/.rbenv/versions/2.0.0-p451/lib/ruby/gems/2.0.0/gems/activerecord-4.0.4/lib/active_record/inheritance.rb:176:in `subclass_from_attributes?'
	from /Users/Dan/.rbenv/versions/2.0.0-p451/lib/ruby/gems/2.0.0/gems/activerecord-4.0.4/lib/active_record/inheritance.rb:23:in `new'
	from /Users/Dan/.rbenv/versions/2.0.0-p451/lib/ruby/gems/2.0.0/gems/activerecord-4.0.4/lib/active_record/persistence.rb:33:in `create'
	from /Users/Dan/Desktop/jamy/app/models/user.rb:6:in `create'
	from /Users/Dan/.rbenv/versions/2.0.0-p451/lib/ruby/gems/2.0.0/gems/railties-4.0.4/lib/rails/commands/runner.rb:53:in `<top (required)>'
	from /Users/Dan/.rbenv/versions/2.0.0-p451/lib/ruby/gems/2.0.0/gems/railties-4.0.4/lib/rails/commands/runner.rb:53:in `eval'
	from /Users/Dan/.rbenv/versions/2.0.0-p451/lib/ruby/gems/2.0.0/gems/railties-4.0.4/lib/rails/commands/runner.rb:53:in `<top (required)>'
	from /Users/Dan/.rbenv/versions/2.0.0-p451/lib/ruby/gems/2.0.0/gems/railties-4.0.4/lib/rails/commands.rb:84:in `require'
	from /Users/Dan/.rbenv/versions/2.0.0-p451/lib/ruby/gems/2.0.0/gems/railties-4.0.4/lib/rails/commands.rb:84:in `<top (required)>'
	from bin/rails:4:in `require'
	from bin/rails:4:in `<main>'
/Users/Dan/.rbenv/versions/2.0.0-p451/lib/ruby/gems/2.0.0/gems/activerecord-4.0.4/lib/active_record/connection_adapters/sqlite3_adapter.rb:512:in `table_structure': Could not find table 'users' (ActiveRecord::StatementInvalid)
	from /Users/Dan/.rbenv/versions/2.0.0-p451/lib/ruby/gems/2.0.0/gems/activerecord-4.0.4/lib/active_record/connection_adapters/sqlite3_adapter.rb:399:in `columns'
	from /Users/Dan/.rbenv/versions/2.0.0-p451/lib/ruby/gems/2.0.0/gems/activerecord-4.0.4/lib/active_record/connection_adapters/schema_cache.rb:114:in `block in prepare_default_proc'
	from /Users/Dan/.rbenv/versions/2.0.0-p451/lib/ruby/gems/2.0.0/gems/activerecord-4.0.4/lib/active_record/connection_adapters/schema_cache.rb:56:in `yield'
	from /Users/Dan/.rbenv/versions/2.0.0-p451/lib/ruby/gems/2.0.0/gems/activerecord-4.0.4/lib/active_record/connection_adapters/schema_cache.rb:56:in `columns'
	from /Users/Dan/.rbenv/versions/2.0.0-p451/lib/ruby/gems/2.0.0/gems/activerecord-4.0.4/lib/active_record/model_schema.rb:208:in `columns'
	from /Users/Dan/.rbenv/versions/2.0.0-p451/lib/ruby/gems/2.0.0/gems/activerecord-4.0.4/lib/active_record/model_schema.rb:217:in `columns_hash'
	from /Users/Dan/.rbenv/versions/2.0.0-p451/lib/ruby/gems/2.0.0/gems/activerecord-4.0.4/lib/active_record/inheritance.rb:176:in `subclass_from_attributes?'
	from /Users/Dan/.rbenv/versions/2.0.0-p451/lib/ruby/gems/2.0.0/gems/activerecord-4.0.4/lib/active_record/inheritance.rb:23:in `new'
	from /Users/Dan/.rbenv/versions/2.0.0-p451/lib/ruby/gems/2.0.0/gems/activerecord-4.0.4/lib/active_record/persistence.rb:33:in `create'
	from /Users/Dan/Desktop/jamy/app/models/user.rb:6:in `create'
	from /Users/Dan/.rbenv/versions/2.0.0-p451/lib/ruby/gems/2.0.0/gems/railties-4.0.4/lib/rails/commands/runner.rb:53:in `<top (required)>'
	from /Users/Dan/.rbenv/versions/2.0.0-p451/lib/ruby/gems/2.0.0/gems/railties-4.0.4/lib/rails/commands/runner.rb:53:in `eval'
	from /Users/Dan/.rbenv/versions/2.0.0-p451/lib/ruby/gems/2.0.0/gems/railties-4.0.4/lib/rails/commands/runner.rb:53:in `<top (required)>'
	from /Users/Dan/.rbenv/versions/2.0.0-p451/lib/ruby/gems/2.0.0/gems/railties-4.0.4/lib/rails/commands.rb:84:in `require'
	from /Users/Dan/.rbenv/versions/2.0.0-p451/lib/ruby/gems/2.0.0/gems/railties-4.0.4/lib/rails/commands.rb:84:in `<top (required)>'
	from bin/rails:4:in `require'
	from bin/rails:4:in `<main>'
/Users/Dan/.rbenv/versions/2.0.0-p451/lib/ruby/gems/2.0.0/gems/activerecord-4.0.4/lib/active_record/connection_adapters/sqlite3_adapter.rb:512:in `table_structure': Could not find table 'users' (ActiveRecord::StatementInvalid)
	from /Users/Dan/.rbenv/versions/2.0.0-p451/lib/ruby/gems/2.0.0/gems/activerecord-4.0.4/lib/active_record/connection_adapters/sqlite3_adapter.rb:399:in `columns'
	from /Users/Dan/.rbenv/versions/2.0.0-p451/lib/ruby/gems/2.0.0/gems/activerecord-4.0.4/lib/active_record/connection_adapters/schema_cache.rb:114:in `block in prepare_default_proc'
	from /Users/Dan/.rbenv/versions/2.0.0-p451/lib/ruby/gems/2.0.0/gems/activerecord-4.0.4/lib/active_record/connection_adapters/schema_cache.rb:56:in `yield'
	from /Users/Dan/.rbenv/versions/2.0.0-p451/lib/ruby/gems/2.0.0/gems/activerecord-4.0.4/lib/active_record/connection_adapters/schema_cache.rb:56:in `columns'
	from /Users/Dan/.rbenv/versions/2.0.0-p451/lib/ruby/gems/2.0.0/gems/activerecord-4.0.4/lib/active_record/model_schema.rb:208:in `columns'
	from /Users/Dan/.rbenv/versions/2.0.0-p451/lib/ruby/gems/2.0.0/gems/activerecord-4.0.4/lib/active_record/model_schema.rb:217:in `columns_hash'
	from /Users/Dan/.rbenv/versions/2.0.0-p451/lib/ruby/gems/2.0.0/gems/activerecord-4.0.4/lib/active_record/inheritance.rb:176:in `subclass_from_attributes?'
	from /Users/Dan/.rbenv/versions/2.0.0-p451/lib/ruby/gems/2.0.0/gems/activerecord-4.0.4/lib/active_record/inheritance.rb:23:in `new'
	from /Users/Dan/.rbenv/versions/2.0.0-p451/lib/ruby/gems/2.0.0/gems/activerecord-4.0.4/lib/active_record/persistence.rb:33:in `create'
	from /Users/Dan/Desktop/jamy/app/models/user.rb:6:in `create'
	from /Users/Dan/.rbenv/versions/2.0.0-p451/lib/ruby/gems/2.0.0/gems/railties-4.0.4/lib/rails/commands/runner.rb:53:in `<top (required)>'
	from /Users/Dan/.rbenv/versions/2.0.0-p451/lib/ruby/gems/2.0.0/gems/railties-4.0.4/lib/rails/commands/runner.rb:53:in `eval'
	from /Users/Dan/.rbenv/versions/2.0.0-p451/lib/ruby/gems/2.0.0/gems/railties-4.0.4/lib/rails/commands/runner.rb:53:in `<top (required)>'
	from /Users/Dan/.rbenv/versions/2.0.0-p451/lib/ruby/gems/2.0.0/gems/railties-4.0.4/lib/rails/commands.rb:84:in `require'
	from /Users/Dan/.rbenv/versions/2.0.0-p451/lib/ruby/gems/2.0.0/gems/railties-4.0.4/lib/rails/commands.rb:84:in `<top (required)>'
	from bin/rails:4:in `require'
	from bin/rails:4:in `<main>'
/Users/Dan/.rbenv/versions/2.0.0-p451/lib/ruby/gems/2.0.0/gems/activerecord-4.0.4/lib/active_record/connection_adapters/sqlite3_adapter.rb:512:in `table_structure': Could not find table 'users' (ActiveRecord::StatementInvalid)
	from /Users/Dan/.rbenv/versions/2.0.0-p451/lib/ruby/gems/2.0.0/gems/activerecord-4.0.4/lib/active_record/connection_adapters/sqlite3_adapter.rb:399:in `columns'
	from /Users/Dan/.rbenv/versions/2.0.0-p451/lib/ruby/gems/2.0.0/gems/activerecord-4.0.4/lib/active_record/connection_adapters/schema_cache.rb:114:in `block in prepare_default_proc'
	from /Users/Dan/.rbenv/versions/2.0.0-p451/lib/ruby/gems/2.0.0/gems/activerecord-4.0.4/lib/active_record/connection_adapters/schema_cache.rb:56:in `yield'
	from /Users/Dan/.rbenv/versions/2.0.0-p451/lib/ruby/gems/2.0.0/gems/activerecord-4.0.4/lib/active_record/connection_adapters/schema_cache.rb:56:in `columns'
	from /Users/Dan/.rbenv/versions/2.0.0-p451/lib/ruby/gems/2.0.0/gems/activerecord-4.0.4/lib/active_record/model_schema.rb:208:in `columns'
	from /Users/Dan/.rbenv/versions/2.0.0-p451/lib/ruby/gems/2.0.0/gems/activerecord-4.0.4/lib/active_record/model_schema.rb:217:in `columns_hash'
	from /Users/Dan/.rbenv/versions/2.0.0-p451/lib/ruby/gems/2.0.0/gems/activerecord-4.0.4/lib/active_record/inheritance.rb:176:in `subclass_from_attributes?'
	from /Users/Dan/.rbenv/versions/2.0.0-p451/lib/ruby/gems/2.0.0/gems/activerecord-4.0.4/lib/active_record/inheritance.rb:23:in `new'
	from /Users/Dan/.rbenv/versions/2.0.0-p451/lib/ruby/gems/2.0.0/gems/activerecord-4.0.4/lib/active_record/persistence.rb:33:in `create'
	from /Users/Dan/.rbenv/versions/2.0.0-p451/lib/ruby/gems/2.0.0/gems/railties-4.0.4/lib/rails/commands/runner.rb:53:in `<top (required)>'
	from /Users/Dan/.rbenv/versions/2.0.0-p451/lib/ruby/gems/2.0.0/gems/railties-4.0.4/lib/rails/commands/runner.rb:53:in `eval'
	from /Users/Dan/.rbenv/versions/2.0.0-p451/lib/ruby/gems/2.0.0/gems/railties-4.0.4/lib/rails/commands/runner.rb:53:in `<top (required)>'
	from /Users/Dan/.rbenv/versions/2.0.0-p451/lib/ruby/gems/2.0.0/gems/railties-4.0.4/lib/rails/commands.rb:84:in `require'
	from /Users/Dan/.rbenv/versions/2.0.0-p451/lib/ruby/gems/2.0.0/gems/railties-4.0.4/lib/rails/commands.rb:84:in `<top (required)>'
	from bin/rails:4:in `require'
	from bin/rails:4:in `<main>'
/Users/Dan/.rbenv/versions/2.0.0-p451/lib/ruby/gems/2.0.0/gems/activerecord-4.0.4/lib/active_record/connection_adapters/sqlite3_adapter.rb:512:in `table_structure': Could not find table 'users' (ActiveRecord::StatementInvalid)
	from /Users/Dan/.rbenv/versions/2.0.0-p451/lib/ruby/gems/2.0.0/gems/activerecord-4.0.4/lib/active_record/connection_adapters/sqlite3_adapter.rb:399:in `columns'
	from /Users/Dan/.rbenv/versions/2.0.0-p451/lib/ruby/gems/2.0.0/gems/activerecord-4.0.4/lib/active_record/connection_adapters/schema_cache.rb:114:in `block in prepare_default_proc'
	from /Users/Dan/.rbenv/versions/2.0.0-p451/lib/ruby/gems/2.0.0/gems/activerecord-4.0.4/lib/active_record/connection_adapters/schema_cache.rb:56:in `yield'
	from /Users/Dan/.rbenv/versions/2.0.0-p451/lib/ruby/gems/2.0.0/gems/activerecord-4.0.4/lib/active_record/connection_adapters/schema_cache.rb:56:in `columns'
	from /Users/Dan/.rbenv/versions/2.0.0-p451/lib/ruby/gems/2.0.0/gems/activerecord-4.0.4/lib/active_record/model_schema.rb:208:in `columns'
	from /Users/Dan/.rbenv/versions/2.0.0-p451/lib/ruby/gems/2.0.0/gems/activerecord-4.0.4/lib/active_record/model_schema.rb:217:in `columns_hash'
	from /Users/Dan/.rbenv/versions/2.0.0-p451/lib/ruby/gems/2.0.0/gems/activerecord-4.0.4/lib/active_record/inheritance.rb:176:in `subclass_from_attributes?'
	from /Users/Dan/.rbenv/versions/2.0.0-p451/lib/ruby/gems/2.0.0/gems/activerecord-4.0.4/lib/active_record/inheritance.rb:23:in `new'
	from /Users/Dan/.rbenv/versions/2.0.0-p451/lib/ruby/gems/2.0.0/gems/activerecord-4.0.4/lib/active_record/persistence.rb:33:in `create'
	from /Users/Dan/.rbenv/versions/2.0.0-p451/lib/ruby/gems/2.0.0/gems/railties-4.0.4/lib/rails/commands/runner.rb:53:in `<top (required)>'
	from /Users/Dan/.rbenv/versions/2.0.0-p451/lib/ruby/gems/2.0.0/gems/railties-4.0.4/lib/rails/commands/runner.rb:53:in `eval'
	from /Users/Dan/.rbenv/versions/2.0.0-p451/lib/ruby/gems/2.0.0/gems/railties-4.0.4/lib/rails/commands/runner.rb:53:in `<top (required)>'
	from /Users/Dan/.rbenv/versions/2.0.0-p451/lib/ruby/gems/2.0.0/gems/railties-4.0.4/lib/rails/commands.rb:84:in `require'
	from /Users/Dan/.rbenv/versions/2.0.0-p451/lib/ruby/gems/2.0.0/gems/railties-4.0.4/lib/rails/commands.rb:84:in `<top (required)>'
	from bin/rails:4:in `require'
	from bin/rails:4:in `<main>'
/Users/Dan/.rbenv/versions/2.0.0-p451/lib/ruby/gems/2.0.0/gems/activerecord-4.0.4/lib/active_record/connection_adapters/sqlite3_adapter.rb:512:in `table_structure': Could not find table 'users' (ActiveRecord::StatementInvalid)
	from /Users/Dan/.rbenv/versions/2.0.0-p451/lib/ruby/gems/2.0.0/gems/activerecord-4.0.4/lib/active_record/connection_adapters/sqlite3_adapter.rb:399:in `columns'
	from /Users/Dan/.rbenv/versions/2.0.0-p451/lib/ruby/gems/2.0.0/gems/activerecord-4.0.4/lib/active_record/connection_adapters/schema_cache.rb:114:in `block in prepare_default_proc'
	from /Users/Dan/.rbenv/versions/2.0.0-p451/lib/ruby/gems/2.0.0/gems/activerecord-4.0.4/lib/active_record/connection_adapters/schema_cache.rb:56:in `yield'
	from /Users/Dan/.rbenv/versions/2.0.0-p451/lib/ruby/gems/2.0.0/gems/activerecord-4.0.4/lib/active_record/connection_adapters/schema_cache.rb:56:in `columns'
	from /Users/Dan/.rbenv/versions/2.0.0-p451/lib/ruby/gems/2.0.0/gems/activerecord-4.0.4/lib/active_record/model_schema.rb:208:in `columns'
	from /Users/Dan/.rbenv/versions/2.0.0-p451/lib/ruby/gems/2.0.0/gems/activerecord-4.0.4/lib/active_record/model_schema.rb:217:in `columns_hash'
	from /Users/Dan/.rbenv/versions/2.0.0-p451/lib/ruby/gems/2.0.0/gems/activerecord-4.0.4/lib/active_record/inheritance.rb:176:in `subclass_from_attributes?'
	from /Users/Dan/.rbenv/versions/2.0.0-p451/lib/ruby/gems/2.0.0/gems/activerecord-4.0.4/lib/active_record/inheritance.rb:23:in `new'
	from /Users/Dan/.rbenv/versions/2.0.0-p451/lib/ruby/gems/2.0.0/gems/activerecord-4.0.4/lib/active_record/persistence.rb:33:in `create'
	from /Users/Dan/.rbenv/versions/2.0.0-p451/lib/ruby/gems/2.0.0/gems/railties-4.0.4/lib/rails/commands/runner.rb:53:in `<top (required)>'
	from /Users/Dan/.rbenv/versions/2.0.0-p451/lib/ruby/gems/2.0.0/gems/railties-4.0.4/lib/rails/commands/runner.rb:53:in `eval'
	from /Users/Dan/.rbenv/versions/2.0.0-p451/lib/ruby/gems/2.0.0/gems/railties-4.0.4/lib/rails/commands/runner.rb:53:in `<top (required)>'
	from /Users/Dan/.rbenv/versions/2.0.0-p451/lib/ruby/gems/2.0.0/gems/railties-4.0.4/lib/rails/commands.rb:84:in `require'
	from /Users/Dan/.rbenv/versions/2.0.0-p451/lib/ruby/gems/2.0.0/gems/railties-4.0.4/lib/rails/commands.rb:84:in `<top (required)>'
	from bin/rails:4:in `require'
	from bin/rails:4:in `<main>'
/Users/Dan/.rbenv/versions/2.0.0-p451/lib/ruby/gems/2.0.0/gems/activerecord-4.0.4/lib/active_record/connection_adapters/sqlite3_adapter.rb:512:in `table_structure': Could not find table 'users' (ActiveRecord::StatementInvalid)
	from /Users/Dan/.rbenv/versions/2.0.0-p451/lib/ruby/gems/2.0.0/gems/activerecord-4.0.4/lib/active_record/connection_adapters/sqlite3_adapter.rb:399:in `columns'
	from /Users/Dan/.rbenv/versions/2.0.0-p451/lib/ruby/gems/2.0.0/gems/activerecord-4.0.4/lib/active_record/connection_adapters/schema_cache.rb:114:in `block in prepare_default_proc'
	from /Users/Dan/.rbenv/versions/2.0.0-p451/lib/ruby/gems/2.0.0/gems/activerecord-4.0.4/lib/active_record/connection_adapters/schema_cache.rb:56:in `yield'
	from /Users/Dan/.rbenv/versions/2.0.0-p451/lib/ruby/gems/2.0.0/gems/activerecord-4.0.4/lib/active_record/connection_adapters/schema_cache.rb:56:in `columns'
	from /Users/Dan/.rbenv/versions/2.0.0-p451/lib/ruby/gems/2.0.0/gems/activerecord-4.0.4/lib/active_record/model_schema.rb:208:in `columns'
	from /Users/Dan/.rbenv/versions/2.0.0-p451/lib/ruby/gems/2.0.0/gems/activerecord-4.0.4/lib/active_record/model_schema.rb:217:in `columns_hash'
	from /Users/Dan/.rbenv/versions/2.0.0-p451/lib/ruby/gems/2.0.0/gems/activerecord-4.0.4/lib/active_record/inheritance.rb:176:in `subclass_from_attributes?'
	from /Users/Dan/.rbenv/versions/2.0.0-p451/lib/ruby/gems/2.0.0/gems/activerecord-4.0.4/lib/active_record/inheritance.rb:23:in `new'
	from /Users/Dan/.rbenv/versions/2.0.0-p451/lib/ruby/gems/2.0.0/gems/activerecord-4.0.4/lib/active_record/persistence.rb:33:in `create'
	from /Users/Dan/.rbenv/versions/2.0.0-p451/lib/ruby/gems/2.0.0/gems/railties-4.0.4/lib/rails/commands/runner.rb:53:in `<top (required)>'
	from /Users/Dan/.rbenv/versions/2.0.0-p451/lib/ruby/gems/2.0.0/gems/railties-4.0.4/lib/rails/commands/runner.rb:53:in `eval'
	from /Users/Dan/.rbenv/versions/2.0.0-p451/lib/ruby/gems/2.0.0/gems/railties-4.0.4/lib/rails/commands/runner.rb:53:in `<top (required)>'
	from /Users/Dan/.rbenv/versions/2.0.0-p451/lib/ruby/gems/2.0.0/gems/railties-4.0.4/lib/rails/commands.rb:84:in `require'
	from /Users/Dan/.rbenv/versions/2.0.0-p451/lib/ruby/gems/2.0.0/gems/railties-4.0.4/lib/rails/commands.rb:84:in `<top (required)>'
	from bin/rails:4:in `require'
	from bin/rails:4:in `<main>'
/Users/Dan/.rbenv/versions/2.0.0-p451/lib/ruby/gems/2.0.0/gems/activerecord-4.0.4/lib/active_record/connection_adapters/sqlite3_adapter.rb:512:in `table_structure': Could not find table 'users' (ActiveRecord::StatementInvalid)
	from /Users/Dan/.rbenv/versions/2.0.0-p451/lib/ruby/gems/2.0.0/gems/activerecord-4.0.4/lib/active_record/connection_adapters/sqlite3_adapter.rb:399:in `columns'
	from /Users/Dan/.rbenv/versions/2.0.0-p451/lib/ruby/gems/2.0.0/gems/activerecord-4.0.4/lib/active_record/connection_adapters/schema_cache.rb:114:in `block in prepare_default_proc'
	from /Users/Dan/.rbenv/versions/2.0.0-p451/lib/ruby/gems/2.0.0/gems/activerecord-4.0.4/lib/active_record/connection_adapters/schema_cache.rb:56:in `yield'
	from /Users/Dan/.rbenv/versions/2.0.0-p451/lib/ruby/gems/2.0.0/gems/activerecord-4.0.4/lib/active_record/connection_adapters/schema_cache.rb:56:in `columns'
	from /Users/Dan/.rbenv/versions/2.0.0-p451/lib/ruby/gems/2.0.0/gems/activerecord-4.0.4/lib/active_record/model_schema.rb:208:in `columns'
	from /Users/Dan/.rbenv/versions/2.0.0-p451/lib/ruby/gems/2.0.0/gems/activerecord-4.0.4/lib/active_record/model_schema.rb:217:in `columns_hash'
	from /Users/Dan/.rbenv/versions/2.0.0-p451/lib/ruby/gems/2.0.0/gems/activerecord-4.0.4/lib/active_record/inheritance.rb:176:in `subclass_from_attributes?'
	from /Users/Dan/.rbenv/versions/2.0.0-p451/lib/ruby/gems/2.0.0/gems/activerecord-4.0.4/lib/active_record/inheritance.rb:23:in `new'
	from /Users/Dan/.rbenv/versions/2.0.0-p451/lib/ruby/gems/2.0.0/gems/activerecord-4.0.4/lib/active_record/persistence.rb:33:in `create'
	from /Users/Dan/.rbenv/versions/2.0.0-p451/lib/ruby/gems/2.0.0/gems/railties-4.0.4/lib/rails/commands/runner.rb:53:in `<top (required)>'
	from /Users/Dan/.rbenv/versions/2.0.0-p451/lib/ruby/gems/2.0.0/gems/railties-4.0.4/lib/rails/commands/runner.rb:53:in `eval'
	from /Users/Dan/.rbenv/versions/2.0.0-p451/lib/ruby/gems/2.0.0/gems/railties-4.0.4/lib/rails/commands/runner.rb:53:in `<top (required)>'
	from /Users/Dan/.rbenv/versions/2.0.0-p451/lib/ruby/gems/2.0.0/gems/railties-4.0.4/lib/rails/commands.rb:84:in `require'
	from /Users/Dan/.rbenv/versions/2.0.0-p451/lib/ruby/gems/2.0.0/gems/railties-4.0.4/lib/rails/commands.rb:84:in `<top (required)>'
	from bin/rails:4:in `require'
	from bin/rails:4:in `<main>'
/Users/Dan/.rbenv/versions/2.0.0-p451/lib/ruby/gems/2.0.0/gems/activerecord-4.0.4/lib/active_record/connection_adapters/sqlite3_adapter.rb:512:in `table_structure': Could not find table 'users' (ActiveRecord::StatementInvalid)
	from /Users/Dan/.rbenv/versions/2.0.0-p451/lib/ruby/gems/2.0.0/gems/activerecord-4.0.4/lib/active_record/connection_adapters/sqlite3_adapter.rb:399:in `columns'
	from /Users/Dan/.rbenv/versions/2.0.0-p451/lib/ruby/gems/2.0.0/gems/activerecord-4.0.4/lib/active_record/connection_adapters/schema_cache.rb:114:in `block in prepare_default_proc'
	from /Users/Dan/.rbenv/versions/2.0.0-p451/lib/ruby/gems/2.0.0/gems/activerecord-4.0.4/lib/active_record/connection_adapters/schema_cache.rb:56:in `yield'
	from /Users/Dan/.rbenv/versions/2.0.0-p451/lib/ruby/gems/2.0.0/gems/activerecord-4.0.4/lib/active_record/connection_adapters/schema_cache.rb:56:in `columns'
	from /Users/Dan/.rbenv/versions/2.0.0-p451/lib/ruby/gems/2.0.0/gems/activerecord-4.0.4/lib/active_record/model_schema.rb:208:in `columns'
	from /Users/Dan/.rbenv/versions/2.0.0-p451/lib/ruby/gems/2.0.0/gems/activerecord-4.0.4/lib/active_record/model_schema.rb:217:in `columns_hash'
	from /Users/Dan/.rbenv/versions/2.0.0-p451/lib/ruby/gems/2.0.0/gems/activerecord-4.0.4/lib/active_record/inheritance.rb:176:in `subclass_from_attributes?'
	from /Users/Dan/.rbenv/versions/2.0.0-p451/lib/ruby/gems/2.0.0/gems/activerecord-4.0.4/lib/active_record/inheritance.rb:23:in `new'
	from /Users/Dan/.rbenv/versions/2.0.0-p451/lib/ruby/gems/2.0.0/gems/activerecord-4.0.4/lib/active_record/persistence.rb:33:in `create'
	from /Users/Dan/.rbenv/versions/2.0.0-p451/lib/ruby/gems/2.0.0/gems/railties-4.0.4/lib/rails/commands/runner.rb:53:in `<top (required)>'
	from /Users/Dan/.rbenv/versions/2.0.0-p451/lib/ruby/gems/2.0.0/gems/railties-4.0.4/lib/rails/commands/runner.rb:53:in `eval'
	from /Users/Dan/.rbenv/versions/2.0.0-p451/lib/ruby/gems/2.0.0/gems/railties-4.0.4/lib/rails/commands/runner.rb:53:in `<top (required)>'
	from /Users/Dan/.rbenv/versions/2.0.0-p451/lib/ruby/gems/2.0.0/gems/railties-4.0.4/lib/rails/commands.rb:84:in `require'
	from /Users/Dan/.rbenv/versions/2.0.0-p451/lib/ruby/gems/2.0.0/gems/railties-4.0.4/lib/rails/commands.rb:84:in `<top (required)>'
	from bin/rails:4:in `require'
	from bin/rails:4:in `<main>'
/Users/Dan/.rbenv/versions/2.0.0-p451/lib/ruby/gems/2.0.0/gems/activerecord-4.0.4/lib/active_record/connection_adapters/sqlite3_adapter.rb:512:in `table_structure': Could not find table 'users' (ActiveRecord::StatementInvalid)
	from /Users/Dan/.rbenv/versions/2.0.0-p451/lib/ruby/gems/2.0.0/gems/activerecord-4.0.4/lib/active_record/connection_adapters/sqlite3_adapter.rb:399:in `columns'
	from /Users/Dan/.rbenv/versions/2.0.0-p451/lib/ruby/gems/2.0.0/gems/activerecord-4.0.4/lib/active_record/connection_adapters/schema_cache.rb:114:in `block in prepare_default_proc'
	from /Users/Dan/.rbenv/versions/2.0.0-p451/lib/ruby/gems/2.0.0/gems/activerecord-4.0.4/lib/active_record/connection_adapters/schema_cache.rb:56:in `yield'
	from /Users/Dan/.rbenv/versions/2.0.0-p451/lib/ruby/gems/2.0.0/gems/activerecord-4.0.4/lib/active_record/connection_adapters/schema_cache.rb:56:in `columns'
	from /Users/Dan/.rbenv/versions/2.0.0-p451/lib/ruby/gems/2.0.0/gems/activerecord-4.0.4/lib/active_record/model_schema.rb:208:in `columns'
	from /Users/Dan/.rbenv/versions/2.0.0-p451/lib/ruby/gems/2.0.0/gems/activerecord-4.0.4/lib/active_record/model_schema.rb:217:in `columns_hash'
	from /Users/Dan/.rbenv/versions/2.0.0-p451/lib/ruby/gems/2.0.0/gems/activerecord-4.0.4/lib/active_record/inheritance.rb:176:in `subclass_from_attributes?'
	from /Users/Dan/.rbenv/versions/2.0.0-p451/lib/ruby/gems/2.0.0/gems/activerecord-4.0.4/lib/active_record/inheritance.rb:23:in `new'
	from /Users/Dan/.rbenv/versions/2.0.0-p451/lib/ruby/gems/2.0.0/gems/activerecord-4.0.4/lib/active_record/persistence.rb:33:in `create'
	from /Users/Dan/.rbenv/versions/2.0.0-p451/lib/ruby/gems/2.0.0/gems/railties-4.0.4/lib/rails/commands/runner.rb:53:in `<top (required)>'
	from /Users/Dan/.rbenv/versions/2.0.0-p451/lib/ruby/gems/2.0.0/gems/railties-4.0.4/lib/rails/commands/runner.rb:53:in `eval'
	from /Users/Dan/.rbenv/versions/2.0.0-p451/lib/ruby/gems/2.0.0/gems/railties-4.0.4/lib/rails/commands/runner.rb:53:in `<top (required)>'
	from /Users/Dan/.rbenv/versions/2.0.0-p451/lib/ruby/gems/2.0.0/gems/railties-4.0.4/lib/rails/commands.rb:84:in `require'
	from /Users/Dan/.rbenv/versions/2.0.0-p451/lib/ruby/gems/2.0.0/gems/railties-4.0.4/lib/rails/commands.rb:84:in `<top (required)>'
	from bin/rails:4:in `require'
	from bin/rails:4:in `<main>'
/Users/Dan/.rbenv/versions/2.0.0-p451/lib/ruby/gems/2.0.0/gems/activerecord-4.0.4/lib/active_record/connection_adapters/sqlite3_adapter.rb:512:in `table_structure': Could not find table 'users' (ActiveRecord::StatementInvalid)
	from /Users/Dan/.rbenv/versions/2.0.0-p451/lib/ruby/gems/2.0.0/gems/activerecord-4.0.4/lib/active_record/connection_adapters/sqlite3_adapter.rb:399:in `columns'
	from /Users/Dan/.rbenv/versions/2.0.0-p451/lib/ruby/gems/2.0.0/gems/activerecord-4.0.4/lib/active_record/connection_adapters/schema_cache.rb:114:in `block in prepare_default_proc'
	from /Users/Dan/.rbenv/versions/2.0.0-p451/lib/ruby/gems/2.0.0/gems/activerecord-4.0.4/lib/active_record/connection_adapters/schema_cache.rb:56:in `yield'
	from /Users/Dan/.rbenv/versions/2.0.0-p451/lib/ruby/gems/2.0.0/gems/activerecord-4.0.4/lib/active_record/connection_adapters/schema_cache.rb:56:in `columns'
	from /Users/Dan/.rbenv/versions/2.0.0-p451/lib/ruby/gems/2.0.0/gems/activerecord-4.0.4/lib/active_record/model_schema.rb:208:in `columns'
	from /Users/Dan/.rbenv/versions/2.0.0-p451/lib/ruby/gems/2.0.0/gems/activerecord-4.0.4/lib/active_record/model_schema.rb:217:in `columns_hash'
	from /Users/Dan/.rbenv/versions/2.0.0-p451/lib/ruby/gems/2.0.0/gems/activerecord-4.0.4/lib/active_record/inheritance.rb:176:in `subclass_from_attributes?'
	from /Users/Dan/.rbenv/versions/2.0.0-p451/lib/ruby/gems/2.0.0/gems/activerecord-4.0.4/lib/active_record/inheritance.rb:23:in `new'
	from /Users/Dan/.rbenv/versions/2.0.0-p451/lib/ruby/gems/2.0.0/gems/activerecord-4.0.4/lib/active_record/persistence.rb:33:in `create'
	from /Users/Dan/.rbenv/versions/2.0.0-p451/lib/ruby/gems/2.0.0/gems/railties-4.0.4/lib/rails/commands/runner.rb:53:in `<top (required)>'
	from /Users/Dan/.rbenv/versions/2.0.0-p451/lib/ruby/gems/2.0.0/gems/railties-4.0.4/lib/rails/commands/runner.rb:53:in `eval'
	from /Users/Dan/.rbenv/versions/2.0.0-p451/lib/ruby/gems/2.0.0/gems/railties-4.0.4/lib/rails/commands/runner.rb:53:in `<top (required)>'
	from /Users/Dan/.rbenv/versions/2.0.0-p451/lib/ruby/gems/2.0.0/gems/railties-4.0.4/lib/rails/commands.rb:84:in `require'
	from /Users/Dan/.rbenv/versions/2.0.0-p451/lib/ruby/gems/2.0.0/gems/railties-4.0.4/lib/rails/commands.rb:84:in `<top (required)>'
	from bin/rails:4:in `require'
	from bin/rails:4:in `<main>'
/Users/Dan/.rbenv/versions/2.0.0-p451/lib/ruby/gems/2.0.0/gems/activerecord-4.0.4/lib/active_record/connection_adapters/sqlite3_adapter.rb:512:in `table_structure': Could not find table 'users' (ActiveRecord::StatementInvalid)
	from /Users/Dan/.rbenv/versions/2.0.0-p451/lib/ruby/gems/2.0.0/gems/activerecord-4.0.4/lib/active_record/connection_adapters/sqlite3_adapter.rb:399:in `columns'
	from /Users/Dan/.rbenv/versions/2.0.0-p451/lib/ruby/gems/2.0.0/gems/activerecord-4.0.4/lib/active_record/connection_adapters/schema_cache.rb:114:in `block in prepare_default_proc'
	from /Users/Dan/.rbenv/versions/2.0.0-p451/lib/ruby/gems/2.0.0/gems/activerecord-4.0.4/lib/active_record/connection_adapters/schema_cache.rb:56:in `yield'
	from /Users/Dan/.rbenv/versions/2.0.0-p451/lib/ruby/gems/2.0.0/gems/activerecord-4.0.4/lib/active_record/connection_adapters/schema_cache.rb:56:in `columns'
	from /Users/Dan/.rbenv/versions/2.0.0-p451/lib/ruby/gems/2.0.0/gems/activerecord-4.0.4/lib/active_record/model_schema.rb:208:in `columns'
	from /Users/Dan/.rbenv/versions/2.0.0-p451/lib/ruby/gems/2.0.0/gems/activerecord-4.0.4/lib/active_record/model_schema.rb:217:in `columns_hash'
	from /Users/Dan/.rbenv/versions/2.0.0-p451/lib/ruby/gems/2.0.0/gems/activerecord-4.0.4/lib/active_record/inheritance.rb:176:in `subclass_from_attributes?'
	from /Users/Dan/.rbenv/versions/2.0.0-p451/lib/ruby/gems/2.0.0/gems/activerecord-4.0.4/lib/active_record/inheritance.rb:23:in `new'
	from /Users/Dan/.rbenv/versions/2.0.0-p451/lib/ruby/gems/2.0.0/gems/activerecord-4.0.4/lib/active_record/persistence.rb:33:in `create'
	from /Users/Dan/.rbenv/versions/2.0.0-p451/lib/ruby/gems/2.0.0/gems/railties-4.0.4/lib/rails/commands/runner.rb:53:in `<top (required)>'
	from /Users/Dan/.rbenv/versions/2.0.0-p451/lib/ruby/gems/2.0.0/gems/railties-4.0.4/lib/rails/commands/runner.rb:53:in `eval'
	from /Users/Dan/.rbenv/versions/2.0.0-p451/lib/ruby/gems/2.0.0/gems/railties-4.0.4/lib/rails/commands/runner.rb:53:in `<top (required)>'
	from /Users/Dan/.rbenv/versions/2.0.0-p451/lib/ruby/gems/2.0.0/gems/railties-4.0.4/lib/rails/commands.rb:84:in `require'
	from /Users/Dan/.rbenv/versions/2.0.0-p451/lib/ruby/gems/2.0.0/gems/railties-4.0.4/lib/rails/commands.rb:84:in `<top (required)>'
	from bin/rails:4:in `require'
	from bin/rails:4:in `<main>'
/Users/Dan/.rbenv/versions/2.0.0-p451/lib/ruby/gems/2.0.0/gems/activerecord-4.0.4/lib/active_record/connection_adapters/sqlite3_adapter.rb:512:in `table_structure': Could not find table 'users' (ActiveRecord::StatementInvalid)
	from /Users/Dan/.rbenv/versions/2.0.0-p451/lib/ruby/gems/2.0.0/gems/activerecord-4.0.4/lib/active_record/connection_adapters/sqlite3_adapter.rb:399:in `columns'
	from /Users/Dan/.rbenv/versions/2.0.0-p451/lib/ruby/gems/2.0.0/gems/activerecord-4.0.4/lib/active_record/connection_adapters/schema_cache.rb:114:in `block in prepare_default_proc'
	from /Users/Dan/.rbenv/versions/2.0.0-p451/lib/ruby/gems/2.0.0/gems/activerecord-4.0.4/lib/active_record/connection_adapters/schema_cache.rb:56:in `yield'
	from /Users/Dan/.rbenv/versions/2.0.0-p451/lib/ruby/gems/2.0.0/gems/activerecord-4.0.4/lib/active_record/connection_adapters/schema_cache.rb:56:in `columns'
	from /Users/Dan/.rbenv/versions/2.0.0-p451/lib/ruby/gems/2.0.0/gems/activerecord-4.0.4/lib/active_record/model_schema.rb:208:in `columns'
	from /Users/Dan/.rbenv/versions/2.0.0-p451/lib/ruby/gems/2.0.0/gems/activerecord-4.0.4/lib/active_record/model_schema.rb:217:in `columns_hash'
	from /Users/Dan/.rbenv/versions/2.0.0-p451/lib/ruby/gems/2.0.0/gems/activerecord-4.0.4/lib/active_record/inheritance.rb:176:in `subclass_from_attributes?'
	from /Users/Dan/.rbenv/versions/2.0.0-p451/lib/ruby/gems/2.0.0/gems/activerecord-4.0.4/lib/active_record/inheritance.rb:23:in `new'
	from /Users/Dan/.rbenv/versions/2.0.0-p451/lib/ruby/gems/2.0.0/gems/activerecord-4.0.4/lib/active_record/persistence.rb:33:in `create'
	from /Users/Dan/.rbenv/versions/2.0.0-p451/lib/ruby/gems/2.0.0/gems/railties-4.0.4/lib/rails/commands/runner.rb:53:in `<top (required)>'
	from /Users/Dan/.rbenv/versions/2.0.0-p451/lib/ruby/gems/2.0.0/gems/railties-4.0.4/lib/rails/commands/runner.rb:53:in `eval'
	from /Users/Dan/.rbenv/versions/2.0.0-p451/lib/ruby/gems/2.0.0/gems/railties-4.0.4/lib/rails/commands/runner.rb:53:in `<top (required)>'
	from /Users/Dan/.rbenv/versions/2.0.0-p451/lib/ruby/gems/2.0.0/gems/railties-4.0.4/lib/rails/commands.rb:84:in `require'
	from /Users/Dan/.rbenv/versions/2.0.0-p451/lib/ruby/gems/2.0.0/gems/railties-4.0.4/lib/rails/commands.rb:84:in `<top (required)>'
	from bin/rails:4:in `require'
	from bin/rails:4:in `<main>'
/Users/Dan/.rbenv/versions/2.0.0-p451/lib/ruby/gems/2.0.0/gems/activerecord-4.0.4/lib/active_record/connection_adapters/sqlite3_adapter.rb:512:in `table_structure': Could not find table 'users' (ActiveRecord::StatementInvalid)
	from /Users/Dan/.rbenv/versions/2.0.0-p451/lib/ruby/gems/2.0.0/gems/activerecord-4.0.4/lib/active_record/connection_adapters/sqlite3_adapter.rb:399:in `columns'
	from /Users/Dan/.rbenv/versions/2.0.0-p451/lib/ruby/gems/2.0.0/gems/activerecord-4.0.4/lib/active_record/connection_adapters/schema_cache.rb:114:in `block in prepare_default_proc'
	from /Users/Dan/.rbenv/versions/2.0.0-p451/lib/ruby/gems/2.0.0/gems/activerecord-4.0.4/lib/active_record/connection_adapters/schema_cache.rb:56:in `yield'
	from /Users/Dan/.rbenv/versions/2.0.0-p451/lib/ruby/gems/2.0.0/gems/activerecord-4.0.4/lib/active_record/connection_adapters/schema_cache.rb:56:in `columns'
	from /Users/Dan/.rbenv/versions/2.0.0-p451/lib/ruby/gems/2.0.0/gems/activerecord-4.0.4/lib/active_record/model_schema.rb:208:in `columns'
	from /Users/Dan/.rbenv/versions/2.0.0-p451/lib/ruby/gems/2.0.0/gems/activerecord-4.0.4/lib/active_record/model_schema.rb:217:in `columns_hash'
	from /Users/Dan/.rbenv/versions/2.0.0-p451/lib/ruby/gems/2.0.0/gems/activerecord-4.0.4/lib/active_record/inheritance.rb:176:in `subclass_from_attributes?'
	from /Users/Dan/.rbenv/versions/2.0.0-p451/lib/ruby/gems/2.0.0/gems/activerecord-4.0.4/lib/active_record/inheritance.rb:23:in `new'
	from /Users/Dan/.rbenv/versions/2.0.0-p451/lib/ruby/gems/2.0.0/gems/activerecord-4.0.4/lib/active_record/persistence.rb:33:in `create'
	from /Users/Dan/.rbenv/versions/2.0.0-p451/lib/ruby/gems/2.0.0/gems/railties-4.0.4/lib/rails/commands/runner.rb:53:in `<top (required)>'
	from /Users/Dan/.rbenv/versions/2.0.0-p451/lib/ruby/gems/2.0.0/gems/railties-4.0.4/lib/rails/commands/runner.rb:53:in `eval'
	from /Users/Dan/.rbenv/versions/2.0.0-p451/lib/ruby/gems/2.0.0/gems/railties-4.0.4/lib/rails/commands/runner.rb:53:in `<top (required)>'
	from /Users/Dan/.rbenv/versions/2.0.0-p451/lib/ruby/gems/2.0.0/gems/railties-4.0.4/lib/rails/commands.rb:84:in `require'
	from /Users/Dan/.rbenv/versions/2.0.0-p451/lib/ruby/gems/2.0.0/gems/railties-4.0.4/lib/rails/commands.rb:84:in `<top (required)>'
	from bin/rails:4:in `require'
	from bin/rails:4:in `<main>'
/Users/Dan/.rbenv/versions/2.0.0-p451/lib/ruby/gems/2.0.0/gems/activerecord-4.0.4/lib/active_record/connection_adapters/sqlite3_adapter.rb:512:in `table_structure': Could not find table 'users' (ActiveRecord::StatementInvalid)
	from /Users/Dan/.rbenv/versions/2.0.0-p451/lib/ruby/gems/2.0.0/gems/activerecord-4.0.4/lib/active_record/connection_adapters/sqlite3_adapter.rb:399:in `columns'
	from /Users/Dan/.rbenv/versions/2.0.0-p451/lib/ruby/gems/2.0.0/gems/activerecord-4.0.4/lib/active_record/connection_adapters/schema_cache.rb:114:in `block in prepare_default_proc'
	from /Users/Dan/.rbenv/versions/2.0.0-p451/lib/ruby/gems/2.0.0/gems/activerecord-4.0.4/lib/active_record/connection_adapters/schema_cache.rb:56:in `yield'
	from /Users/Dan/.rbenv/versions/2.0.0-p451/lib/ruby/gems/2.0.0/gems/activerecord-4.0.4/lib/active_record/connection_adapters/schema_cache.rb:56:in `columns'
	from /Users/Dan/.rbenv/versions/2.0.0-p451/lib/ruby/gems/2.0.0/gems/activerecord-4.0.4/lib/active_record/model_schema.rb:208:in `columns'
	from /Users/Dan/.rbenv/versions/2.0.0-p451/lib/ruby/gems/2.0.0/gems/activerecord-4.0.4/lib/active_record/model_schema.rb:217:in `columns_hash'
	from /Users/Dan/.rbenv/versions/2.0.0-p451/lib/ruby/gems/2.0.0/gems/activerecord-4.0.4/lib/active_record/inheritance.rb:176:in `subclass_from_attributes?'
	from /Users/Dan/.rbenv/versions/2.0.0-p451/lib/ruby/gems/2.0.0/gems/activerecord-4.0.4/lib/active_record/inheritance.rb:23:in `new'
	from /Users/Dan/.rbenv/versions/2.0.0-p451/lib/ruby/gems/2.0.0/gems/activerecord-4.0.4/lib/active_record/persistence.rb:33:in `create'
	from /Users/Dan/.rbenv/versions/2.0.0-p451/lib/ruby/gems/2.0.0/gems/railties-4.0.4/lib/rails/commands/runner.rb:53:in `<top (required)>'
	from /Users/Dan/.rbenv/versions/2.0.0-p451/lib/ruby/gems/2.0.0/gems/railties-4.0.4/lib/rails/commands/runner.rb:53:in `eval'
	from /Users/Dan/.rbenv/versions/2.0.0-p451/lib/ruby/gems/2.0.0/gems/railties-4.0.4/lib/rails/commands/runner.rb:53:in `<top (required)>'
	from /Users/Dan/.rbenv/versions/2.0.0-p451/lib/ruby/gems/2.0.0/gems/railties-4.0.4/lib/rails/commands.rb:84:in `require'
	from /Users/Dan/.rbenv/versions/2.0.0-p451/lib/ruby/gems/2.0.0/gems/railties-4.0.4/lib/rails/commands.rb:84:in `<top (required)>'
	from bin/rails:4:in `require'
	from bin/rails:4:in `<main>'
/Users/Dan/.rbenv/versions/2.0.0-p451/lib/ruby/gems/2.0.0/gems/activerecord-4.0.4/lib/active_record/connection_adapters/sqlite3_adapter.rb:512:in `table_structure': Could not find table 'users' (ActiveRecord::StatementInvalid)
	from /Users/Dan/.rbenv/versions/2.0.0-p451/lib/ruby/gems/2.0.0/gems/activerecord-4.0.4/lib/active_record/connection_adapters/sqlite3_adapter.rb:399:in `columns'
	from /Users/Dan/.rbenv/versions/2.0.0-p451/lib/ruby/gems/2.0.0/gems/activerecord-4.0.4/lib/active_record/connection_adapters/schema_cache.rb:114:in `block in prepare_default_proc'
	from /Users/Dan/.rbenv/versions/2.0.0-p451/lib/ruby/gems/2.0.0/gems/activerecord-4.0.4/lib/active_record/connection_adapters/schema_cache.rb:56:in `yield'
	from /Users/Dan/.rbenv/versions/2.0.0-p451/lib/ruby/gems/2.0.0/gems/activerecord-4.0.4/lib/active_record/connection_adapters/schema_cache.rb:56:in `columns'
	from /Users/Dan/.rbenv/versions/2.0.0-p451/lib/ruby/gems/2.0.0/gems/activerecord-4.0.4/lib/active_record/model_schema.rb:208:in `columns'
	from /Users/Dan/.rbenv/versions/2.0.0-p451/lib/ruby/gems/2.0.0/gems/activerecord-4.0.4/lib/active_record/model_schema.rb:217:in `columns_hash'
	from /Users/Dan/.rbenv/versions/2.0.0-p451/lib/ruby/gems/2.0.0/gems/activerecord-4.0.4/lib/active_record/inheritance.rb:176:in `subclass_from_attributes?'
	from /Users/Dan/.rbenv/versions/2.0.0-p451/lib/ruby/gems/2.0.0/gems/activerecord-4.0.4/lib/active_record/inheritance.rb:23:in `new'
	from /Users/Dan/.rbenv/versions/2.0.0-p451/lib/ruby/gems/2.0.0/gems/activerecord-4.0.4/lib/active_record/persistence.rb:33:in `create'
	from /Users/Dan/.rbenv/versions/2.0.0-p451/lib/ruby/gems/2.0.0/gems/railties-4.0.4/lib/rails/commands/runner.rb:53:in `<top (required)>'
	from /Users/Dan/.rbenv/versions/2.0.0-p451/lib/ruby/gems/2.0.0/gems/railties-4.0.4/lib/rails/commands/runner.rb:53:in `eval'
	from /Users/Dan/.rbenv/versions/2.0.0-p451/lib/ruby/gems/2.0.0/gems/railties-4.0.4/lib/rails/commands/runner.rb:53:in `<top (required)>'
	from /Users/Dan/.rbenv/versions/2.0.0-p451/lib/ruby/gems/2.0.0/gems/railties-4.0.4/lib/rails/commands.rb:84:in `require'
	from /Users/Dan/.rbenv/versions/2.0.0-p451/lib/ruby/gems/2.0.0/gems/railties-4.0.4/lib/rails/commands.rb:84:in `<top (required)>'
	from bin/rails:4:in `require'
	from bin/rails:4:in `<main>'
